2024-11-07 11:56:09	56d19dba-6b76-4a4f-8365-8ab3c7ee58b1	GET/tundefined	/
2024-11-07 11:56:09	02bb956c-02a1-40f2-bd7e-8e4528e1a0e0	GET/tundefined	/css/style.css
2024-11-07 11:57:00	ebdd1400-ab41-48a4-bd2e-fef9d987c15a	GET	undefined	/
2024-11-07 11:57:00	d4ea35db-8fd5-4423-92da-abd05f2fe87f	GET	undefined	/css/style.css
2024-11-07 14:21:53	07802aa6-2e51-48f0-8864-c652bc0cef6c	GET	undefined	/
2024-11-07 14:21:53	dadca895-5bd7-49f9-b922-935723bd84f4	GET	undefined	/css/style.css
2024-11-07 14:22:11	146222c3-c0fa-407f-bb6f-abb7072642b0	GET	undefined	/
2024-11-07 14:22:11	63b545d3-d2d7-4260-9d62-cd05bf6dd565	GET	undefined	/css/style.css
2024-11-07 14:24:43	ea829fed-3c0b-49a7-8ee5-ae02e9f82561	GET	undefined	/
2024-11-07 14:24:43	e12378c7-df49-405b-9ef0-c62a8dca94ee	GET	undefined	/css/style.css
2024-11-07 14:27:48	43d9ae53-afb2-493f-883e-bcd2571e9950	OPTIONS	https://www.google.com	/
2024-11-07 14:27:48	2b5d329a-5904-430c-949f-8a0e695c00c2	GET	https://www.google.com	/
2024-11-07 14:32:08	fa40186c-25cc-4a88-9584-a577c6280688	OPTIONS	https://www.google.com	/
2024-11-07 14:32:08	a1104816-73f8-4a91-b20d-fe10844aed84	GET	https://www.google.com	/
2024-11-07 14:33:26	8b247393-8f98-4063-8324-b3ce89bd60ea	OPTIONS	https://www.google.com	/
2024-11-07 14:33:26	32c36673-35b5-4bd9-9978-8c905b5733ff	GET	https://www.google.com	/
2024-11-07 14:37:19	5246390e-4fe1-499d-b00f-ad6fb1696be6	OPTIONS	https://www.google.com	/
2024-11-07 14:37:19	f8b7d435-eda3-454b-be46-3ab115972a1f	GET	https://www.google.com	/
2024-11-07 14:37:29	63a97064-65bd-4792-b0e9-152c94cf3be6	OPTIONS	https://www.google.com	/
2024-11-07 14:37:29	26191f1a-05d0-4f8d-8c35-6c39dd30adfe	GET	https://www.google.com	/
2024-11-07 14:43:19	8d1a692e-940d-4611-a464-db31fc6171a2	OPTIONS	https://www.google.com	/
2024-11-07 14:43:19	75fd691e-beec-4554-a9d4-f409af12c426	GET	https://www.google.com	/
2024-11-07 14:43:31	f5706a8a-3b7f-4dec-9c7d-c19d1acec594	OPTIONS	https://www.google.com	/
2024-11-07 14:43:31	96c9cf16-2d4a-4d96-ac60-fbd32849f9be	GET	https://www.google.com	/
2024-11-07 14:44:41	3b14044d-3d9d-4503-b555-9ed15e1a71d3	GET	undefined	/
2024-11-07 14:45:09	9f0d04e3-d60b-4d84-b403-f49ed8fa0a3b	GET	undefined	/
2024-11-07 14:45:41	3ccb365e-28ce-4e26-ad5c-a38126ab54b9	GET	undefined	/
2024-11-07 14:45:47	6f5fac4a-1a67-4375-818c-74e9a900a21e	GET	undefined	/
2024-11-07 14:45:56	b6c67d68-e7af-4a1c-8a09-57b7e2942617	GET	undefined	/
2024-11-07 14:46:36	15e2c6f0-6d16-4065-be79-157b0e7a3d34	GET	undefined	/
2024-11-07 14:46:36	64fba125-ea51-4c66-871d-b411caf83a4a	GET	undefined	/css/style.css
2024-11-07 14:49:23	7176fdc8-5318-49c0-a6ab-a11e2f9e04ca	GET	undefined	/
2024-11-07 14:49:23	db25f974-ee39-41eb-a701-deca4cd6e0bf	GET	undefined	/css/style.css
2024-11-07 14:49:33	0dd162ff-77d7-4cd4-b3a7-8647d7e6dc98	GET	undefined	/
2024-11-07 14:51:04	ce027648-64e0-41d1-8043-e196ee7199d9	GET	undefined	/
2024-11-07 14:51:04	de065180-62d7-4a26-99d3-f58ba4848856	GET	undefined	/css/style.css
2024-11-07 14:51:14	dd4a6ec4-6409-43b2-825b-0e4b6308fd33	GET	undefined	/
2024-11-07 14:51:16	d94030fe-44e6-4bbe-9283-8187b8cccf2d	GET	undefined	/
2024-11-07 14:52:30	9c8a42b8-e80d-4046-ba54-cf6e7f0cffa5	GET	undefined	/
2024-11-07 14:52:30	4c72c8f4-0f4c-4070-948e-4194b984db3b	GET	undefined	/css/style.css
2024-11-07 14:52:37	de69f4e6-c3b0-4690-ad09-66d8043e3d88	GET	undefined	/
2024-11-07 14:52:44	fd06424a-c033-48db-b5cc-4435ae8c2f67	GET	undefined	/
2024-11-07 18:52:41	1cb00057-ba8f-4862-af93-544109564401	GET	undefined	/
2024-11-07 18:52:43	e3d71ec1-0125-4617-8fce-e5f35a150950	GET	undefined	/
2024-11-07 18:52:43	8af9ee73-057e-4595-a4e4-03996118097c	GET	undefined	/
2024-11-07 18:52:43	b2b9622b-141f-42dc-b611-adcba6c9b554	GET	undefined	/
2024-11-08 10:26:07	ef8dd184-e48c-4553-8e44-3e8c31948f96	GET	undefined	/subdir
2024-11-08 10:26:07	12e7b97e-7915-4075-8be4-1e73f9526b93	GET	undefined	/favicon.ico
2024-11-08 10:26:27	498033a4-c0fe-4828-b024-186b117f86c9	GET	undefined	/subdir
2024-11-08 10:26:27	e133cb3b-94a1-4641-ad94-daa3834da06a	GET	undefined	/subdir/
2024-11-08 10:26:27	338a8e8f-4054-4742-a187-a37998d894ad	GET	undefined	/favicon.ico
2024-11-08 10:26:39	38efce1b-e8ba-4223-8af3-5ee036760d8d	GET	undefined	/subdir/
2024-11-08 10:26:39	0aaf1d50-eeaf-41c9-a803-c8dc76a9f98d	GET	undefined	/subdir/css/style.css
2024-11-08 10:26:45	8150cc94-a812-4d02-86b8-b6e8537cfe9c	GET	undefined	/subdir/about
2024-11-08 10:26:52	8902696b-0fff-49b8-a6e6-a6c3ce8a2bd5	GET	undefined	/subdir/abouta
2024-11-08 10:26:52	5a7205a9-4571-4fc6-8504-70a557247fb2	GET	undefined	/subdir/css/style.css
2024-11-08 10:28:22	167c40cb-4b02-4885-b462-932c8d5dbe81	GET	undefined	/
2024-11-08 10:28:46	48551cee-7f2c-4fda-9163-b42f270c464d	GET	undefined	/
2024-11-08 10:28:46	77fd7809-5e7e-40da-8362-ff1a696cf2cb	GET	undefined	/css/style.css
2024-11-08 10:53:54	a924c963-364c-4c9f-89e3-8c80b35e4149	GET	undefined	/employees
2024-11-08 10:54:43	292a8037-823a-4e5c-bdd0-7ceabc174e00	GET	undefined	/employees
2024-11-08 10:56:30	5975764d-0ec3-4ba7-a3e2-98379d9efb52	GET	undefined	/employees/1
2024-11-08 10:56:49	36e4b171-6952-4f06-a8f7-70e4f1b93252	GET	undefined	/employees
2024-11-08 10:59:32	00dab1f5-2b5f-40e6-a428-ff7919522eaa	GET	undefined	/employees
2024-11-08 10:59:43	fd66f600-2805-4206-a91a-b1de3e75cdbe	GET	undefined	/employees
2024-11-08 11:00:05	605d4fc3-e558-4e95-bf1f-61e5a0725a5a	GET	undefined	/employees
2024-11-08 11:00:20	8282cd80-6c32-446f-9731-35590ba52a1d	DELETE	undefined	/employees
2024-11-08 11:00:27	ebd09f85-25ee-4641-a2b7-7ebcafa1a99a	DELETE	undefined	/employees?id=1
2024-11-08 11:00:31	fea7ee3f-2360-4e84-b2e4-b8c800d0eaff	DELETE	undefined	/employees?id=2
2024-11-08 11:00:42	c6b0da84-264e-4113-94ad-b6693cf446e3	DELETE	undefined	/employees?id=2
2024-11-08 11:01:02	5740151e-8c20-4cb9-b489-b8d64a29206f	DELETE	undefined	/employees?id=2
2024-11-08 11:01:07	0ef00904-8d40-41cb-bf90-514a4ef3f8b3	DELETE	undefined	/employees?id=2
2024-11-08 11:01:12	36571d12-c2af-4490-9aaf-33829ecc767c	DELETE	undefined	/employees?id=2
2024-11-08 11:01:15	9ee315dc-4c3b-4f90-9b6c-91f9e76ceb88	DELETE	undefined	/employees?id=2
2024-11-08 11:01:26	a039a92b-0633-4b3a-80c7-79590ae9dd70	DELETE	undefined	/employees?id=2
2024-11-08 11:01:34	178fb2a5-7cfb-42e6-8f00-35f0ef8cf204	DELETE	undefined	/employees
2024-11-08 11:01:52	e8967f61-0fbd-4210-aa04-4d42ef0b8059	GET	undefined	/employees
2024-11-08 11:03:17	e954c4d3-07bb-4473-b998-6e45f652210d	PUT	undefined	/employees
2024-11-08 11:03:45	08d3c9ad-6eaf-449c-9517-47b63556151d	POST	undefined	/employees
2024-11-08 11:04:27	abc01713-3fdf-4169-9d62-f93a06b1f30e	POST	undefined	/employees
2024-11-08 11:05:25	5933c1c1-d5f3-41f2-8f82-8c47e44ad0c6	GET	undefined	/employees
2024-11-08 11:05:29	4b4df7e5-8bfd-42dc-91fe-52661d5ea159	POST	undefined	/employees
2024-11-08 11:07:42	df688c89-5c7a-4c7a-9d9d-3dcd8f7e8253	POST	undefined	/employees
2024-11-08 11:07:55	e30c4fbf-bf6d-451b-a7ad-3b12e90a2beb	POST	undefined	/employees
2024-11-08 11:09:11	afc5bdab-5e8b-4ae6-858a-26f16b681aaa	POST	undefined	/employees
2024-11-08 11:09:56	d15712ff-ff03-4caa-b99f-be7885540f73	POST	undefined	/employees
2024-11-08 11:12:21	4e024e08-ea81-4355-a75f-bc519cb4e4af	POST	undefined	/employees
2024-11-08 11:13:06	e5ab2ae6-70c5-4f94-a475-7ecf7aea4ac1	POST	undefined	/employees
2024-11-08 11:13:18	cbea7f24-59c7-4e06-85b0-6cbb80144b55	POST	undefined	/employees
2024-11-08 11:13:38	45e38182-49ae-4904-b77b-3034a7a6be11	DELETE	undefined	/employees
2024-11-08 11:14:22	44ebb407-f986-41d8-81a1-dbee2c4dddba	DELETE	undefined	/employees
2024-11-08 11:14:37	f3dde5c5-45f2-443e-9354-6cc55acdbc92	DELETE	undefined	/employees
2024-11-08 11:15:06	73871f10-53ff-44bc-aca2-b7b438a3bc82	DELETE	undefined	/employees
2024-11-08 11:15:12	afdef455-a737-4f52-a22c-932bff81f61b	DELETE	undefined	/employees
2024-11-08 11:15:24	c67d18a9-2218-49e5-8a7e-6948eefdc903	DELETE	undefined	/employees
2024-11-08 11:16:39	1b4b7d61-5e7f-45ae-87f5-634abecd597f	DELETE	undefined	/employees
2024-11-08 11:16:57	4b896f01-1603-4887-bb28-385d0c857d12	DELETE	undefined	/employees
2024-11-08 11:17:12	8187c940-527e-45b7-861b-d12585e52fc3	DELETE	undefined	/employees
2024-11-08 11:17:16	a313d678-17bc-4e09-b159-4bf5c190b8e8	DELETE	undefined	/employees
2024-11-08 11:17:34	dbf9801c-e29a-444a-a4a2-b7b20a8d2261	DELETE	undefined	/employees
2024-11-08 11:17:35	40b4f129-7323-4375-a797-2538e0d1c3fd	DELETE	undefined	/employees
2024-11-08 11:17:45	76fc8a4e-b146-460f-8ff6-e632d0892e08	DELETE	undefined	/employees
2024-11-08 11:17:52	fa0b6598-1909-41d5-a3d0-0e85032cbf41	DELETE	undefined	/employees
2024-11-08 11:17:54	efdcda69-106f-4b0f-af17-34cab2e4e895	DELETE	undefined	/employees
2024-11-08 11:17:59	b11cc5a7-11e1-4587-995f-32efcf3fe5ad	GET	undefined	/employees
2024-11-08 11:18:01	6ea665ee-772c-4469-9b28-4c20e39facc3	GET	undefined	/employees
2024-11-08 11:18:08	0515bd43-1893-444b-b233-ae7ed24d214c	POST	undefined	/employees
2024-11-08 11:18:09	4d8ba7bf-27a2-4924-ab37-602fb3c50670	GET	undefined	/employees
2024-11-08 11:18:15	c4f857d9-2a48-462c-a469-9a4b6ec982de	DELETE	undefined	/employees
2024-11-08 11:18:21	8a2c2d1d-be8b-4cb7-8cbd-e527b16c8b90	DELETE	undefined	/employees
2024-11-08 11:18:40	7f97b917-0c33-40ae-b4e0-ceb6bd50c64a	GET	undefined	/employees
2024-11-08 11:19:03	b5bb8308-5f2f-4d3a-89d6-ac4b2a2c36d0	POST	undefined	/employees
2024-11-08 11:19:03	0186ea84-b92b-44fb-980c-f35cb18c8b24	POST	undefined	/employees
2024-11-08 11:19:04	104dde9c-5d7c-48b3-945e-93d21ebc9cb2	POST	undefined	/employees
2024-11-08 11:19:04	481782fb-b5d3-42a0-8058-f5f827b914e1	POST	undefined	/employees
2024-11-08 11:19:05	bff5ea3c-1ea3-4c7a-b074-b0f26e489c81	GET	undefined	/employees
2024-11-08 11:19:11	99252971-9f15-419d-8ae8-f9e49480f350	DELETE	undefined	/employees
2024-11-08 11:19:13	82d9ad5c-d545-45a3-9f84-79be1d2ec5c3	DELETE	undefined	/employees
2024-11-08 11:19:14	4daeb1fb-df90-4c5d-a179-a90d67663a0a	DELETE	undefined	/employees
2024-11-08 11:20:33	4f2af141-1ad6-4cbc-915b-6076364a009a	PUT	undefined	/employees
2024-11-08 11:20:38	58c672c8-6db9-4f3f-b99d-17f3b470d19d	GET	undefined	/employees
2024-11-08 11:20:45	66482f26-26a6-4c74-aa1f-554e526c0551	DELETE	undefined	/employees
2024-11-08 11:20:47	df0f874d-776b-4083-80fe-c975f65872ef	GET	undefined	/employees
2024-11-08 11:20:51	7068e18e-c062-4481-8334-f4536f13006f	PUT	undefined	/employees
2024-11-08 11:20:55	5042b23b-bc5a-4c60-943d-790ef75ea9e5	GET	undefined	/employees
2024-11-08 11:21:06	168d6c94-90a9-48f4-8a3f-22e0cd196b5d	GET	undefined	/employees/3
2024-11-08 11:21:18	0c4dd547-a472-461f-b626-9bafc0f8d292	GET	undefined	/employees
2024-11-08 11:21:24	534f9f6b-b8ac-4127-8c79-e09655152b76	GET	undefined	/employees/3
2024-11-08 11:21:27	789db365-c9ca-46fa-b263-fc8a4ebf213c	GET	undefined	/employees/2
2024-11-08 11:21:36	835534c2-26ea-48c9-8af6-df20893edb2b	PUT	undefined	/employees
2024-11-08 11:21:41	8c2c1408-55c9-4e5c-b98c-72f345b4d0f0	GET	undefined	/employees
2024-11-08 11:21:48	fbe2e6de-9fa2-47cc-81da-760174959375	POST	undefined	/employees
2024-11-08 11:21:49	028fb090-3ccc-4e3e-ba48-5d092a8e9e05	GET	undefined	/employees
2024-11-09 21:38:07	3bafe207-1e49-499a-b0c7-de8788d2f076	GET	undefined	/employees
2024-11-09 21:38:13	a0f5d763-7a7f-4f57-8dd4-726604b756ce	POST	undefined	/employees
2024-11-09 21:38:16	73662293-7b1e-40b7-b114-93b040420707	GET	undefined	/employees
2024-11-09 21:45:44	c69458e2-a4c3-4a38-b558-025878d330c9	POST	undefined	/employees
2024-11-09 21:45:50	e7ffa832-c2ca-4d2b-ba07-3f4daf8453fe	GET	undefined	/employees
2024-11-09 21:46:10	32ea87f9-0097-4b47-adb5-e2c13d1e35e1	POST	undefined	/employees
2024-11-09 21:46:11	884944d6-6a0e-45f2-b7f5-19beae334248	POST	undefined	/employees
2024-11-09 21:46:13	c89c5e95-61a0-422b-abcf-6880513d0608	GET	undefined	/employees
2024-11-09 21:48:36	e2f85eb6-c233-47fb-ad9d-8f67d3c4cb23	POST	undefined	/employees
2024-11-09 21:48:42	0cf78589-ec44-437f-b01a-f70f0b95eac9	POST	undefined	/employees
2024-11-09 21:48:44	608fb8e1-f6c6-498e-85dd-23ee2a6b84b0	POST	undefined	/employees
2024-11-09 21:48:45	e1232369-29e4-4126-a6c7-4940f9da6907	POST	undefined	/employees
2024-11-09 21:51:34	2d1e6d29-2191-4328-8ff9-3a83777f2c52	DELETE	undefined	/employees
2024-11-09 21:51:53	9c4491ee-af48-4e5d-9d89-291e71400b8f	GET	undefined	/employees
2024-11-09 21:51:56	df3245f3-0564-456b-9a7d-140f41c5ce93	POST	undefined	/employees
2024-11-09 21:51:58	20c4c6d4-e8df-40d0-aedb-23dac3b847e1	DELETE	undefined	/employees
2024-11-09 21:52:06	88f12ce3-c63a-4515-88e3-589f21f207ac	GET	undefined	/employees/2
2024-11-10 18:11:59	9dd927bc-d1bd-40b2-85d2-766300ac5f77	POST	undefined	/user
2024-11-10 18:12:21	b951eb24-0230-4461-a07c-9a78d92cf4dd	POST	undefined	/user
2024-11-10 18:12:58	6784093f-e335-497e-b29f-0c7e74aee68d	POST	undefined	/user
2024-11-10 18:13:04	6d75a56f-8843-4984-8ed0-ea3713d4a862	POST	undefined	/user
2024-11-10 18:13:16	d90ef9b7-0334-4d94-9d74-df433a7f9e5a	POST	undefined	/user
2024-11-10 18:13:24	de5b44d4-b1e4-4b33-bb72-7d2299d42edf	POST	undefined	/user
2024-11-10 18:13:53	d1d4f09f-dc7e-4720-8221-807f1d3dbba7	POST	undefined	/user
2024-11-10 18:16:41	fe90421b-01b0-4e2b-8e64-8d5fc0b64b02	POST	undefined	/register
2024-11-10 18:17:04	f0a3148f-0f7b-46c9-a90f-8562b26ee2ac	POST	undefined	/register
2024-11-10 18:17:09	62bd6b10-03fe-42e9-8507-d42dfae6e06c	POST	undefined	/register
2024-11-10 18:17:30	0b0a6ceb-6422-4263-ab01-24d6f9b32ab1	POST	undefined	/register
2024-11-10 18:19:21	899e1505-d9f4-498f-9d4e-f0f1ca56e825	POST	undefined	/register
2024-11-10 18:19:31	bc2bbb65-101c-470a-a617-232cfbb0c1db	POST	undefined	/register
2024-11-10 18:19:48	b99c2837-eb76-49d5-aa45-9bde73cddfb1	POST	undefined	/register
2024-11-10 18:19:50	9b609b38-88da-4bfd-bc59-179157c24d4d	POST	undefined	/register
2024-11-10 18:20:02	e8f3cedb-e6f2-44ab-8671-d1f71be60c8a	POST	undefined	/register
2024-11-10 18:20:15	40b7f15e-33bc-4e1f-87e7-8438ccbe206c	POST	undefined	/register
2024-11-10 18:20:45	cb927f84-77db-448e-ae0c-36d51136c24a	POST	undefined	/register
2024-11-10 18:20:48	bc97446f-b9e1-4a83-84a3-9b3079acc942	POST	undefined	/register
2024-11-10 18:20:52	fc289961-8fba-458c-88ed-0072a22db86b	POST	undefined	/register
2024-11-10 18:20:59	9edea124-8458-4c17-9b95-70551e5fc0f1	POST	undefined	/register
2024-11-10 18:21:15	8713f880-12fd-4a31-9fd3-549bd5bf1d7c	POST	undefined	/register
2024-11-10 18:21:28	7725ffc2-dfab-47b1-9f24-7a4a67e7293e	POST	undefined	/register
2024-11-10 18:26:05	fe698d60-4565-480b-92dc-2850ec2372c9	POST	undefined	/register
2024-11-10 18:26:42	cea69c07-c3f3-4723-8a02-e234f343780d	POST	undefined	/user
2024-11-10 18:26:55	7dd13dc7-58db-4abf-9136-4ad4f297155f	POST	undefined	/register
2024-11-10 18:26:59	7c1d1e3e-a7df-4ea4-b853-61aeb728a4fc	POST	undefined	/register
2024-11-10 18:27:05	b602d24b-e532-429b-bef7-dedf669a8c7c	POST	undefined	/register
2024-11-10 18:27:13	f693fb8f-fd0c-494e-8df1-b92711b4f20c	POST	undefined	/register
2024-11-10 18:27:19	2788da7b-e8e2-4a23-b611-afd380f79550	POST	undefined	/register
2024-11-10 18:27:25	96c21cf3-41d3-47cc-9611-d36fe550dac6	POST	undefined	/register
2024-11-10 21:39:16	c677a7f8-aa6e-42ec-88d6-f03dd8a1c444	GET	undefined	/login
2024-11-10 21:48:04	23084177-deaf-4198-b983-85d153a8c847	GET	undefined	/login
2024-11-10 21:48:37	a9f49fbb-5296-43dc-b18e-a8eafe4de816	GET	undefined	/login
2024-11-10 21:48:38	ffb00f55-2b0c-413d-8bac-1228f8053858	GET	undefined	/login
2024-11-10 21:49:03	6c0af625-1dbb-42ea-ad82-9fd84992fee1	GET	undefined	/login
2024-11-10 21:49:53	3dee0cbd-d973-4505-8a84-25fcaff10894	GET	undefined	/login
2024-11-10 21:49:54	96d730e5-4751-4188-9386-5bb9b65a3946	GET	undefined	/login
2024-11-10 21:50:58	7014b711-995c-4fd0-a03d-789e6ca73861	GET	undefined	/login
2024-11-10 21:51:11	d4b15d45-8e4b-4678-be89-410626ac19bd	GET	undefined	/login
2024-11-10 21:51:13	b2106287-04d6-4887-a5bb-beb306dd3598	GET	undefined	/login
2024-11-10 21:51:44	8c2d547e-24f3-4e57-a926-c17fdd22eae7	GET	undefined	/login
2024-11-10 21:52:57	a27f12d5-1e70-495e-98c5-71ef1c9fcdb0	GET	undefined	/login
2024-11-10 21:54:31	95c507c8-c7f5-41c0-953f-7cf8758d8028	GET	undefined	/login
2024-11-10 21:54:48	332b96f7-17ec-42d7-829a-3f83283c3585	GET	undefined	/login
2024-11-10 21:55:07	76573a81-768e-45bd-851e-d808b1369bb8	GET	undefined	/login
2024-11-10 21:55:12	47527742-70e8-4aea-8774-c087305fa02a	GET	undefined	/login
2024-11-10 21:55:13	14cdc827-2479-4ced-85e1-7e6592b4abe8	GET	undefined	/login
2024-11-10 21:55:30	cbf04096-f4fc-4114-975a-0cb5e6352e11	GET	undefined	/login
2024-11-10 21:55:33	3ab849b9-26a1-4e95-80cc-52bf677538d3	GET	undefined	/login
2024-11-10 22:05:53	93180c33-10c0-4e44-958e-19ec9cc79065	GET	undefined	/login
2024-11-10 22:05:59	f4f1a715-b3d3-4621-bbe8-12153cb5644e	GET	undefined	/login
2024-11-10 22:06:02	4daf01e5-26bc-4a50-891d-edfc29d94c3c	GET	undefined	/login
2024-11-10 22:06:07	75928359-b9ab-4484-bcd1-ce2f9663aecb	GET	undefined	/login
2024-11-10 22:06:15	fe4f873d-6970-4381-a23d-cc33cba94fac	GET	undefined	/login
2024-11-11 21:29:31	4e01bd56-d7c3-4a3d-9b41-d1cbf6b9e625	GET	undefined	/login
2024-11-11 21:29:58	71b6fc33-18fb-4321-b135-1f18981fe4a3	GET	undefined	/login
2024-11-11 21:30:02	31592a57-5c4b-4305-bc80-e28d5c35cb4e	GET	undefined	/login
2024-11-11 22:33:32	f80c495e-ce7a-446d-a211-d965528b4f46	GET	undefined	/employees
2024-11-11 22:33:53	8553e649-30c7-43f8-bf91-aa4bf5c67ebb	GET	undefined	/employees
2024-11-11 22:33:55	7e87e230-db84-461f-b69f-b10ba16cb58c	GET	undefined	/employees
2024-11-11 22:34:00	558b53df-57d0-4421-95f0-b97b6eac7a0e	GET	undefined	/login
2024-11-11 22:34:25	0fc59225-88c1-4daf-99ab-2e58cda4c51b	GET	undefined	/employees
2024-11-11 22:34:32	bc891a47-28b8-4bf0-9d81-4e6a491fca49	GET	undefined	/employees
2024-11-11 22:35:29	1a7286c8-3134-4c57-9bd4-b7f57c7b1628	GET	undefined	/employees
2024-11-11 22:35:42	851dd32d-95f0-464e-827c-3153ee19eb9a	GET	undefined	/employees
2024-11-11 22:35:44	610fccf2-7627-4ce6-b79a-e062aeb32607	GET	undefined	/employees
2024-11-11 22:35:51	0cba5f2c-08a3-4914-80af-5fc93108a427	GET	undefined	/employees
2024-11-11 22:35:56	da0a94d6-05d9-4cd3-aeb5-f7ead7232246	GET	undefined	/employees
2024-11-11 22:37:23	54d131c2-5fb8-4404-b7d5-157ef50db90d	GET	undefined	/employees
2024-11-11 22:37:28	0ab72245-d0b5-48af-872a-eb06d8df6672	GET	undefined	/employees
2024-11-11 22:37:32	c645b9d8-e5c5-4e1b-8d5f-f301db65b750	GET	undefined	/employees
2024-11-11 22:41:02	85a7be9b-5f75-453b-843e-33051a5a3bed	GET	undefined	/employees
2024-11-11 22:41:08	4d764ff3-33c0-43c1-977a-104581d8df0b	GET	undefined	/employees
2024-11-11 22:41:10	00613894-56e2-4d91-9edb-2bd8727110c9	GET	undefined	/employees
2024-11-11 22:41:12	e1ad45d5-24a3-44d4-b2e5-f4d87a220b59	GET	undefined	/employees
2024-11-11 22:41:16	70fe8ae4-56b5-410c-bda0-984558c8b6e8	GET	undefined	/employees
2024-11-12 10:21:53	37b1008c-8174-4614-85f0-2a1b8b7eb885	GET	undefined	/refresh/refresh-token
2024-11-12 10:21:58	784910ea-1faa-4eb9-8c71-d351a18af8ef	GET	undefined	/refresh/refresh-token
2024-11-12 10:22:46	cad54a5a-1a2c-4b1e-9686-3a398233cd94	GET	undefined	/refresh/refresh-token
2024-11-12 10:24:00	ad21da07-6d4b-4a8b-98fc-1885548b746a	GET	undefined	/refresh
2024-11-12 10:24:07	bc321379-caca-424d-a3a0-c6c153beb852	GET	undefined	/refresh/refresh-token
2024-11-12 10:24:21	a8e6cd5a-6a15-4239-aec3-f5e57c9c5ec0	GET	undefined	/refresh/refresh-token
2024-11-12 10:24:23	cea466e3-bb58-452c-846b-cf21e02c2b92	GET	undefined	/refresh/refresh-token
2024-11-12 10:25:05	6197055a-1038-4e0b-a6ae-0b0a389ecff5	GET	undefined	/refresh/refresh-token
2024-11-12 10:25:31	c4601217-aa5e-4157-9ea3-04433e65f976	GET	undefined	/login
2024-11-12 10:26:02	29f5807f-d5f5-4882-b3fa-3acd927e9cf1	GET	undefined	/refresh/refresh-token
2024-11-12 10:26:25	87fe1681-253a-4b3d-aaa9-a66193e7ba58	GET	undefined	/refresh/refresh-token
2024-11-12 10:27:01	5efc08cf-8e42-4716-ae53-eea84cdc0dec	GET	undefined	/refresh/refresh-token
2024-11-12 10:27:02	d07a4726-5afe-46e4-b52f-c510d22303cb	GET	undefined	/refresh/refresh-token
2024-11-12 10:27:25	653b5a04-4d95-439c-b253-7a9e576043c5	GET	undefined	/refresh/refresh-token
2024-11-12 10:27:31	8de33285-e38e-483d-af81-c52dbf177e2c	GET	undefined	/refresh/refresh-token
2024-11-12 10:27:32	7dd6b7b8-f426-4ecc-bef0-5471799e7819	GET	undefined	/refresh/refresh-token
2024-11-12 10:27:34	5365cce4-d0ad-4192-92af-d1c14275ea46	GET	undefined	/refresh/refresh-token
2024-11-12 10:27:53	4efa7577-c14c-4374-989f-de9e10144f22	GET	undefined	/refresh/refresh-token
2024-11-12 10:27:58	4d4a6553-ddfa-4fc6-9faf-9ce8f4b65a49	GET	undefined	/login
2024-11-12 10:28:06	096de5a3-637e-40af-b69f-263e4a3176fe	GET	undefined	/refresh/refresh-token
2024-11-12 10:28:35	7d182813-847f-4b8a-80df-740c024842f3	GET	undefined	/refresh/refresh-token
2024-11-12 10:28:50	585d7b37-0e27-49ee-a069-2f261c1a222e	GET	undefined	/refresh/refresh-token
2024-11-12 10:29:02	c35860f8-659c-47b0-8b87-87b32496ce7b	GET	undefined	/refresh/refresh-token
2024-11-12 10:29:33	e61d3be1-db77-458b-8a61-4e525185d83f	GET	undefined	/refresh/refresh-token
2024-11-12 10:30:14	4584a2b9-b003-4f6c-84a8-70179d5aea9e	GET	undefined	/refresh/refresh-token
2024-11-12 10:30:16	d52517c9-ba2d-4462-bbc0-885aa5446d1e	GET	undefined	/refresh/refresh-token
2024-11-12 10:30:23	8ef197ec-0c9a-446b-9a49-c77f6cd60d70	GET	undefined	/refresh/refresh-token
2024-11-12 10:30:25	0dcdc4fe-d7c5-4e48-ace0-797b06bd3af5	GET	undefined	/refresh/refresh-token
2024-11-12 10:30:35	11666765-a0ff-403f-9046-def66ba1e530	GET	undefined	/refresh/refresh-token
2024-11-12 10:30:43	ad2f49b3-26be-4ea5-9d2e-8d7e525af3ef	GET	undefined	/refresh/refresh-token
2024-11-12 10:31:12	7a61ab9b-13f8-4032-ba84-91ce0a0a0c4e	GET	undefined	/refresh/refresh-token
2024-11-12 10:34:56	504bef82-6cda-42fa-bf50-27f3cd7a468e	GET	undefined	/login
2024-11-12 10:36:45	233607f6-c679-4e19-a473-b5e0e049bb4d	GET	undefined	/login
2024-11-12 10:37:00	bd26817e-57af-4241-86a8-1c44e4ce6543	GET	undefined	/login
2024-11-12 10:37:21	b6883a01-481c-4554-bc78-31eb62d94f71	GET	undefined	/login
2024-11-12 10:37:41	ca00ec2e-a7ff-4a89-aa8d-4d7c8063964f	GET	undefined	/login
2024-11-12 10:37:49	7c07ebb1-6705-4d2c-a9a4-d07c5357f385	GET	undefined	/login
2024-11-12 10:39:06	c38ac760-b521-42a8-831c-5f46bff9d708	GET	undefined	/login
2024-11-12 10:40:04	c6ced9cd-afb5-4bca-b4ef-ee57dccb9047	GET	undefined	/login
2024-11-12 10:40:55	dcab3b06-f6eb-4cab-9fb5-ca181169d731	GET	undefined	/login
2024-11-12 10:40:59	1b0f50a9-aac8-4207-869f-cfbfa5f4abf3	GET	undefined	/login
2024-11-12 10:42:44	a258b7c8-c97c-40d2-a1cf-85a543d25b85	GET	undefined	/login
2024-11-12 10:42:46	79f75a81-1579-4239-a629-417e9701dbd3	GET	undefined	/login
2024-11-12 10:44:06	a39aac96-c94d-4b67-a922-8ac1683ca13d	GET	undefined	/login
2024-11-12 10:44:33	8c4c5454-b463-4404-a76c-b33f4ac98669	GET	undefined	/login
2024-11-12 10:44:43	97966a62-e8f3-4aa1-9d5e-2180965c150e	GET	undefined	/refresh/refresh-token
2024-11-12 10:44:45	40d374bd-90ff-474e-a13c-b14575f26922	GET	undefined	/login
2024-11-12 10:44:50	fcf8c05a-16ae-46fd-a634-d3526e31cb13	GET	undefined	/refresh/refresh-token
2024-11-12 10:45:29	161a4d1b-6d46-436f-aa06-857df189e817	GET	undefined	/login
2024-11-12 10:45:32	ad977529-bef1-4f55-bed7-86a8ea8ed4ee	GET	undefined	/refresh/refresh-token
2024-11-12 10:46:44	1f429902-7f85-409d-a9fc-f9bf5d08f148	GET	undefined	/refresh/refresh-token
2024-11-12 10:47:00	06f31fe5-eeb4-4291-ad5e-3aa12d1c558f	GET	undefined	/refresh/refresh-token
2024-11-12 10:47:01	f55ca6c4-7e69-4ed6-a22f-2485e1fce13e	GET	undefined	/refresh/refresh-token
2024-11-12 10:47:09	bb8dc05b-9720-44b1-9c3a-a1bee6fae0d7	GET	undefined	/refresh/refresh-token
2024-11-12 10:47:36	56033a4a-a022-475c-ac4c-9492cb5a7599	GET	undefined	/refresh/refresh-token
2024-11-12 10:47:58	edc9902b-b801-4e30-8a95-020ccfce7517	GET	undefined	/refresh/refresh-token
2024-11-12 10:48:36	4b2f2460-dcce-4698-9d0c-74517eda430f	GET	undefined	/refresh/refresh-token
2024-11-12 10:48:38	83d45019-2144-4d66-a8ae-6b174c90002e	GET	undefined	/refresh/refresh-token
2024-11-12 10:49:11	9da7c5e0-b1b9-4a5d-8f67-8b1f46b97803	GET	undefined	/refresh/refresh-token
2024-11-12 10:49:44	18e31ce2-cd70-4821-8e94-fea29d43197c	GET	undefined	/refresh/refresh-token
2024-11-12 10:51:12	36e02e0e-ba6b-43a8-b862-4166c214bfaf	GET	undefined	/refresh/refresh-token
2024-11-12 10:52:20	cfab0828-4d96-426c-8b17-08d199686fe9	GET	undefined	/refresh/refresh-token
2024-11-12 10:53:03	4fe34de6-be88-4f71-8844-d54265e1efdc	GET	undefined	/login
2024-11-12 10:53:38	f18aeead-f7c5-4359-9631-50cf50e195aa	GET	undefined	/login
2024-11-12 10:56:28	cb0103c1-a500-4947-8527-d9192fc05bdb	GET	undefined	/login
2024-11-12 10:56:35	dcab09a5-c5a1-402b-a7dd-b382c3e27ea5	GET	undefined	/refresh/refresh-token
2024-11-12 10:56:36	bd18c10c-2459-4a50-a1a1-1c5c27b1ee8f	GET	undefined	/refresh/refresh-token
2024-11-12 10:58:49	0eabbf4a-7b3c-4dcd-9508-b7a655018007	GET	undefined	/login
2024-11-12 10:59:09	9671bf1a-1574-4cb8-bd71-42352c66b024	GET	undefined	/login
2024-11-12 11:00:03	7c121a03-c776-49df-9398-4962338b1e16	GET	undefined	/refresh/refresh-token
2024-11-12 11:00:40	58cacb1d-60b7-49ae-baa0-4c9627f0b38e	GET	undefined	/refresh/refresh-token
2024-11-12 11:01:08	9a91da8f-e4b8-42e7-8ab0-c478f0b17436	GET	undefined	/refresh/refresh-token
2024-11-12 11:02:53	48bd7717-4795-4558-950e-8fc4bc6acc05	GET	undefined	/refresh/refresh-token
2024-11-12 11:04:08	982b4246-4931-4f5e-a232-9aa7d99b81fb	GET	undefined	/refresh/refresh-token
2024-11-12 11:04:15	48add51e-c808-4374-b5ad-078acf2d614d	GET	undefined	/refresh/refresh-token
2024-11-12 11:04:19	b264a14d-e97d-45f8-b576-5052c2672d78	GET	undefined	/refresh/refresh-token
2024-11-12 11:04:44	21ffa100-6197-4207-9385-f41fae27a2b0	GET	undefined	/refresh/refresh-token
2024-11-12 11:04:56	6d4cad77-07af-4f9d-a404-d02d8b1b8ef0	GET	undefined	/refresh/refresh-token
2024-11-12 11:04:58	c11f3054-6e81-4c3d-b142-1d9d5510a750	GET	undefined	/refresh/refresh-token
2024-11-12 11:05:02	a5dac422-b2b8-44d7-b5d0-c0e9ad3158ee	GET	undefined	/refresh/refresh-token
2024-11-12 11:05:40	35740e12-faf4-4949-8382-6539e24daaf0	GET	undefined	/refresh/refresh-token
2024-11-12 11:05:52	829f8e0b-5077-4cdb-aa2c-885bd99e5e0a	GET	undefined	/refresh/refresh-token
2024-11-12 11:05:54	9f36ebdd-f77b-41d7-a999-b8394375232e	GET	undefined	/refresh/refresh-token
2024-11-12 11:05:58	a649bcae-fde6-4dc3-938e-d6ab6c91ace0	GET	undefined	/refresh/refresh-token
2024-11-12 11:06:01	0f1bd589-74d8-477d-bca6-d449d26ddf44	GET	undefined	/refresh/refresh-token
2024-11-12 11:06:14	6ab20f45-ba8c-48a2-ae1a-132115220029	GET	undefined	/refresh/refresh-token
2024-11-12 11:06:25	b62ac9a9-8f84-49e8-8ee1-ffa186f5f56a	GET	undefined	/login
2024-11-12 11:06:30	7fa3a605-38ed-4f4a-bd84-7f851c10bbe5	GET	undefined	/refresh/refresh-token
2024-11-12 11:07:30	85239c51-99e7-4b9b-a252-cc33acba3f52	GET	undefined	/refresh/refresh-token
2024-11-12 11:11:35	9fc15958-5367-4813-bef8-a06f8162b9d4	GET	undefined	/login
2024-11-12 11:13:03	d4f0d705-a107-4061-81b5-a4883e5282df	GET	undefined	/login
2024-11-12 11:14:41	d9479c33-8e7e-49a3-9507-0c21f255d471	GET	undefined	/refresh/refresh-token
2024-11-12 11:14:42	cd4ab3e6-e0bd-47c5-98e5-9b75b80f5707	GET	undefined	/refresh/refresh-token
2024-11-12 11:14:52	7f6bc3e9-2af6-4784-b96a-263a147c11a7	GET	undefined	/refresh/refresh-token
2024-11-12 11:14:52	7476e135-e7de-4412-86ac-264d90160acf	GET	undefined	/refresh/refresh-token
2024-11-12 11:15:17	da67a3e3-ce52-4043-aa10-8ddcfecd39f2	GET	undefined	/refresh/refresh-token
2024-11-12 11:15:21	c97c3fa3-08b5-4be2-8304-3ab58baabc13	GET	undefined	/refresh/refresh-token
2024-11-12 11:15:28	9184c9c9-2d94-4266-bdc8-baac2303e405	GET	undefined	/refresh/refresh-token
2024-11-12 13:21:04	e9be7351-a06f-450d-9bbd-2dd4c7b2c34f	GET	undefined	/login
2024-11-12 13:21:29	46143efc-570e-46cf-a8da-571a9934a6ef	GET	undefined	/login
2024-11-12 13:25:46	c1ea098d-9263-4bdf-b6a0-0df7fb0c7b8a	GET	undefined	/login
2024-11-12 13:26:21	9a20dc09-1369-4cd9-895a-ba4d2294d1ff	GET	undefined	/login
2024-11-12 13:27:39	3578ca23-e364-443f-9bd1-f82ac07a0788	GET	undefined	/login
2024-11-12 13:28:12	c862e1e7-9518-41cd-80c7-52b86c0d264d	GET	undefined	/login
2024-11-12 13:29:34	24834cfa-668c-4959-a497-cc24bef0cb0f	GET	undefined	/refresh/refresh-token
2024-11-12 13:29:34	57156333-4744-4b3f-bd49-afa1294b6018	GET	undefined	/login
2024-11-12 13:36:42	c6974fd2-90bf-425f-b78a-679eab82aac2	POST	undefined	/login
2024-11-12 13:37:13	053e84c8-3593-4eca-b52d-068cbceded65	POST	undefined	/login
2024-11-12 13:38:10	450888c7-eac5-4f13-96c5-d3ae2f95011b	GET	undefined	/refresh/refresh-token
2024-11-12 13:38:59	c180cd13-4a6f-46e0-a6d2-619fa9d2d051	GET	undefined	/refresh/refresh-token
2024-11-12 13:39:20	af7f6236-6fab-4961-9418-54fc43bada5e	POST	undefined	/refresh/refresh-token
2024-11-12 13:39:25	a56170aa-a791-439c-9a2d-488ecdf354fe	GET	undefined	/refresh/refresh-token
2024-11-12 13:40:24	25ef6992-54c0-4358-b849-f44357e0e530	POST	undefined	/login
2024-11-12 13:41:11	0e2083fa-7d3f-4b3e-befa-07f8bfa5b889	POST	undefined	/login
2024-11-12 13:41:22	11bc5aee-4698-4cfe-8ab8-be48381d1c69	GET	undefined	/refresh/refresh-token
2024-11-12 13:43:01	f1b74f1e-db42-461f-afe0-448e1505069a	GET	undefined	/login
2024-11-12 13:43:05	3bf32ed8-40a4-4d22-8738-c5c6b6a5bf8b	GET	undefined	/login
2024-11-12 13:43:15	c8368cc1-4542-4d05-af3a-6413e272a826	POST	undefined	/login
2024-11-12 13:45:35	83d66add-54da-4647-8cd2-270e13d3d68e	POST	undefined	/login
2024-11-12 13:46:00	83e0c53e-2aee-413b-ab86-caa52cc16363	GET	undefined	/refresh/refresh-token
2024-11-12 13:46:02	a1ee37e0-9e48-46d7-b113-7be043f4e8a3	GET	undefined	/refresh/refresh-token
2024-11-12 13:46:09	23730191-3668-4737-8de0-b39272a80022	POST	undefined	/login
2024-11-12 13:46:34	a5d8f28f-6531-4c1c-80b7-5718518cde8f	POST	undefined	/login
2024-11-12 13:49:10	a2e63de5-c716-49b6-918d-292927b54719	POST	undefined	/login
2024-11-12 13:49:13	1193c6ce-9e21-4218-9b1c-7bd1c65259ba	POST	undefined	/login
2024-11-12 13:49:17	46a78987-ea35-4201-8426-191b1ea2899b	POST	undefined	/login
2024-11-12 13:49:22	dc3ff128-af48-4da0-975c-8e8161421426	POST	undefined	/login
2024-11-12 13:49:38	8ad66995-d4c4-4a44-a849-5331978bd832	GET	undefined	/refresh/refresh-token
2024-11-12 13:49:41	a3ea305c-c1af-464b-b1b9-ae73ea80754f	POST	undefined	/login
2024-11-12 13:50:00	311480c7-3841-4d69-9bc6-2d9994e714da	GET	undefined	/refresh/refresh-token
2024-11-12 13:50:11	dee626b0-9b81-46be-8d9f-9ffe69d4801d	POST	undefined	/login
2024-11-12 13:50:22	927f1fb9-9477-4e06-bdbc-78a8bb8ab997	POST	undefined	/login
2024-11-12 13:50:23	28d229a5-bd11-4691-94c4-6a06cf2ff146	POST	undefined	/login
2024-11-12 13:50:25	aec0435c-b473-4deb-afac-8e167d15f895	POST	undefined	/login
2024-11-12 13:50:30	bd965cce-013f-49c9-a025-fcfd55226390	POST	undefined	/login
2024-11-12 13:51:48	5bcafe33-020d-45d7-94e7-547555992b40	POST	undefined	/login
2024-11-12 13:51:50	010a40fb-fad7-4e0d-82bd-72e149f7bbc9	POST	undefined	/login
2024-11-12 13:51:59	320da17c-0db1-4c51-a4c3-e3dda9522c86	POST	undefined	/login
2024-11-12 13:52:00	c657cdee-4a64-42ca-86ab-e32865b599be	POST	undefined	/login
2024-11-12 13:52:02	e3bf9adf-a6db-45ce-a069-daf12d4a39e3	POST	undefined	/login
2024-11-12 13:52:10	ceeba22d-2dd7-4fa6-82be-ab7086f83092	GET	undefined	/refresh/refresh-token
2024-11-12 13:52:12	39643fc0-eeeb-427d-80ce-851c28f1194b	POST	undefined	/login
2024-11-12 13:52:26	822cca4f-3e5f-49a8-a3d6-006e73b37b0d	GET	undefined	/refresh/refresh-token
2024-11-12 13:53:54	16529f58-51d3-4350-87a8-29d8d5eb763f	POST	undefined	/login
2024-11-12 13:53:57	e0935482-e90c-465e-81eb-ba9d638f8443	POST	undefined	/login
2024-11-12 13:53:58	b6e0534c-3018-4eae-b6fb-cd51fb8a614e	POST	undefined	/login
2024-11-12 13:53:59	710fea70-30e7-4877-b8b0-544e9efb6bc6	POST	undefined	/login
2024-11-12 13:54:01	7b235367-f551-4d74-8b12-9e51b47ee932	POST	undefined	/login
2024-11-12 13:54:04	e8cf385f-9d3f-423c-aff0-8ed79984293c	POST	undefined	/login
2024-11-12 13:54:05	68da7439-a489-4e1e-a3e5-9b7c12d17f50	POST	undefined	/login
2024-11-12 13:54:08	6c7e7955-6d6f-49b0-bb4d-76e2476ed887	POST	undefined	/login
2024-11-12 13:54:10	e216ffff-e28d-48e8-80f9-99c473099a3a	GET	undefined	/refresh/refresh-token
2024-11-12 13:54:10	3365cdbe-c49a-4a24-a3ee-a865c059181e	GET	undefined	/refresh/refresh-token
2024-11-12 13:54:12	302b7f5f-e2bf-44c0-ba18-d950f39d5718	POST	undefined	/login
2024-11-12 13:54:30	07fa86b9-a0d2-4ddf-80f1-42a064483b62	GET	undefined	/refresh/refresh-token
2024-11-12 13:54:31	174215e6-8ec8-40f2-bc6e-721e1a727bcb	GET	undefined	/refresh/refresh-token
2024-11-12 13:54:37	36889f4d-ed8f-49c5-9ea2-074f16fcce9e	GET	undefined	/refresh/refresh-token
2024-11-12 13:54:38	95de8099-56ae-42d7-a7ff-dbad49c880bb	GET	undefined	/refresh/refresh-token
2024-11-12 13:54:40	71f4c19c-936c-41d6-8d05-3ecb42699f99	GET	undefined	/refresh/refresh-token
2024-11-12 13:54:41	af20cec1-e0bc-4bc1-96a5-d1969cf2c7fc	GET	undefined	/refresh/refresh-token
2024-11-12 13:54:53	34ad90dc-8e1a-4c06-8c2a-56c6b482ce9a	GET	undefined	/refresh/refresh-token
2024-11-12 13:54:54	c30970fb-9c7d-4e50-8453-df5be06be7e0	GET	undefined	/refresh/refresh-token
2024-11-12 13:54:57	b17f560c-5675-4210-acb2-e4275db100f5	GET	undefined	/refresh/refresh-token
2024-11-12 13:55:05	d46c8f22-ef1a-4b0b-a663-0e0e354c3676	GET	undefined	/refresh/refresh-token
2024-11-12 13:55:10	ac064cb6-c3ef-49a3-b230-dcda1eaf1dd1	GET	undefined	/refresh/refresh-token
2024-11-12 13:55:21	a7827215-15d6-4ce1-a47b-89c7f605f572	GET	undefined	/refresh/refresh-token
2024-11-12 13:55:22	6c398b61-1d52-4189-a4f6-a5d91d8e952c	GET	undefined	/refresh/refresh-token
2024-11-12 13:55:27	16dceba2-76a8-4caa-8e9f-bafcba4eb60b	GET	undefined	/refresh/refresh-token
2024-11-12 13:55:28	1d4c0cce-4a44-4ff3-bf56-912b2403ebe0	GET	undefined	/refresh/refresh-token
2024-11-12 13:55:29	81675db8-2071-4301-a9a3-087556f76387	GET	undefined	/refresh/refresh-token
2024-11-12 13:55:54	2b8f7890-ac8c-4f27-a99d-eb4f17ece447	GET	undefined	/refresh/refresh-token
2024-11-12 13:56:21	3cf23685-2c61-4b2d-a6f3-a61fdbd69670	GET	undefined	/refresh/refresh-token
2024-11-12 13:56:22	06216ab0-d29b-4b1e-afa3-9df884a02b59	GET	undefined	/refresh/refresh-token
2024-11-12 13:56:32	ad39aae8-d4bb-49f7-99af-96626ccea4bb	GET	undefined	/refresh/refresh-token
2024-11-12 13:56:37	734456a7-3ff5-4c91-a7f0-b75e2638f528	GET	undefined	/refresh/refresh-token
2024-11-12 13:56:38	128e4b81-24e1-4f0d-ad5f-0a4d62fcbf24	GET	undefined	/refresh/refresh-token
2024-11-12 14:00:19	6bf12f9c-475d-40c7-a6bc-45e5a9f0148a	GET	undefined	/refresh/refresh-token
2024-11-12 14:00:20	6b036516-6fbd-47dc-955e-b343cc2b6011	GET	undefined	/refresh/refresh-token
2024-11-12 14:00:31	bd860eb0-3258-48b3-99cd-5c7de289cab6	GET	undefined	/refresh/refresh-token
2024-11-12 14:01:12	69a451d6-8d75-43a7-a080-a9284be50f9b	POST	undefined	/login
2024-11-12 14:01:52	f479deb0-8d6f-42e7-86d5-6389cf99fec8	POST	undefined	/login
2024-11-12 14:01:54	9460b366-c72f-4cf9-9b6f-d446b27c2af7	POST	undefined	/login
2024-11-12 14:01:56	90411a93-0b62-43cb-82e5-b209a683fb7a	POST	undefined	/login
2024-11-12 14:01:56	b515a9dc-6d3d-4574-8f05-68a7a2011b63	POST	undefined	/login
2024-11-12 14:01:57	0285be22-d98d-4021-9476-f722194f487a	POST	undefined	/login
2024-11-12 14:01:58	51798e9f-ccd6-4942-8a28-0ff42cc8d370	POST	undefined	/login
2024-11-12 14:01:58	869bc0c3-8a41-408a-a164-36344d1ea467	POST	undefined	/login
2024-11-12 14:01:59	b7a3d32a-7bd5-4509-b272-80453516df8d	POST	undefined	/login
2024-11-12 14:01:59	996a3d04-221b-4aee-8738-185eadcb51d5	POST	undefined	/login
2024-11-12 14:02:01	d79587c6-c4e0-4f5e-991a-7a396f628901	POST	undefined	/login
2024-11-12 14:02:03	e9e654aa-20f9-4c5b-b097-56c495b70735	POST	undefined	/login
2024-11-12 14:02:09	3e1164ce-3cdb-4c20-9a0d-20ee59f56d82	POST	undefined	/login
2024-11-12 14:02:10	4b85d7ec-5ec3-4f4e-8716-a0f10b2ab0d7	POST	undefined	/login
2024-11-12 14:02:13	0c0dc7d3-f311-4aa1-9815-f2060044e992	POST	undefined	/login
2024-11-12 14:02:18	7885fb8a-de8d-4f42-b5aa-12691cfc6868	POST	undefined	/login
2024-11-12 14:02:19	3170a1b6-2fd3-4742-b4bf-7c5180a0eb84	POST	undefined	/login
2024-11-12 14:02:24	cda8a722-5e11-42e4-b6f6-3c660a2a8352	POST	undefined	/login
2024-11-12 14:02:25	982cdd97-5db9-4fb0-8b7e-afc5fcfb2412	POST	undefined	/login
2024-11-12 14:02:29	a93891fc-526e-4d0e-887e-20df3f5f1295	POST	undefined	/login
2024-11-12 14:02:30	6861e3c5-1a65-44ce-a109-e619d1d695d3	POST	undefined	/login
2024-11-12 14:02:31	8d768111-6553-41d7-91c4-771c4920bda3	POST	undefined	/login
2024-11-12 14:02:32	50ef966a-851c-4c08-b194-8ea83ad919c7	POST	undefined	/login
2024-11-12 14:02:33	9375feef-8dc5-486b-b0c4-2cece164ace7	POST	undefined	/login
2024-11-12 14:02:37	7c7cfb09-5c87-412e-8fc4-d1c8188f08b5	POST	undefined	/login
2024-11-12 14:02:38	9080ddca-9620-4041-93a6-c9b92cd1f261	POST	undefined	/login
2024-11-12 14:02:40	7f757bb5-f7ac-441a-8069-70e67be9059d	POST	undefined	/login
2024-11-12 14:02:41	c30e1016-9ad7-4014-9cbc-61746ccbcd3f	POST	undefined	/login
2024-11-12 14:02:50	f29b8537-1dd3-4719-92c1-1c20ac84e664	POST	undefined	/login
2024-11-12 14:02:51	9ea517a4-3196-4b11-a87b-913ca4f7060f	POST	undefined	/login
2024-11-12 14:02:52	0a747906-d4c3-4998-a165-4919e2dee15f	POST	undefined	/login
2024-11-12 14:02:55	56b152f3-b095-449a-b065-ada321888082	POST	undefined	/login
2024-11-12 14:02:56	08c21dbb-93b9-4ccd-85f8-c40873953d80	POST	undefined	/login
2024-11-12 14:02:57	4ce56f26-e3ae-42f5-b186-cd49bb78021b	POST	undefined	/login
2024-11-12 14:02:57	543f6578-f63e-4de0-8286-bf8192bb887b	POST	undefined	/login
2024-11-12 14:02:58	ff1fb3cf-63aa-4fd6-9ea6-d3302ca3f8d0	POST	undefined	/login
2024-11-12 14:02:58	182cf243-0a81-41d5-abd2-f30f8c602639	POST	undefined	/login
2024-11-12 14:02:59	ce193818-b419-4b63-b039-8f133a65ab23	POST	undefined	/login
2024-11-12 14:02:59	ae6f43bc-5a87-4cd8-8b09-12f2c6a180ad	POST	undefined	/login
2024-11-12 14:03:00	d8ef4857-b5b4-4c0d-8784-5868916e9201	POST	undefined	/login
2024-11-12 14:03:00	67067812-daa1-4735-989c-7bb2d1715217	POST	undefined	/login
2024-11-12 14:03:01	c5f95353-4590-4c54-8081-f18ff8cde838	POST	undefined	/login
2024-11-12 14:03:02	389af66d-32b4-4e85-b7d3-e856da55fcfd	POST	undefined	/login
2024-11-12 14:03:03	3212765c-2ced-4527-9cdd-9a0af678f645	POST	undefined	/login
2024-11-12 14:03:08	ae5bba04-5c7d-4adc-9dbf-6a1e4ce284e7	POST	undefined	/login
2024-11-12 14:03:10	27e4179b-716e-4449-9f7b-191c9026b2f7	POST	undefined	/login
2024-11-12 14:03:43	a766be13-1c23-4e24-8391-7f5d0e590917	POST	undefined	/login
2024-11-12 14:04:00	8ea7c03f-bda9-4ce4-9c7b-d0d11751b87a	GET	undefined	/refresh/refresh-token
2024-11-12 14:04:05	1ff94fc8-9e93-4ade-9eb2-7fd93db863a1	GET	undefined	/refresh/refresh-token
2024-11-12 14:04:06	dea951c8-df40-4b49-b55d-740ef8c690b7	GET	undefined	/refresh/refresh-token
2024-11-12 14:04:18	aa0e467b-bd35-4469-b5c5-cdef9880b3fa	GET	undefined	/refresh/refresh-token
2024-11-12 14:04:22	7e647176-5c92-496c-af00-eaab13790d86	GET	undefined	/refresh/refresh-token
2024-11-12 14:05:01	33cbff5a-0d78-4d16-8cd6-fcd0599fda90	POST	undefined	/login
2024-11-12 14:05:15	7da045fd-8538-4556-ab69-ef2c01b85fba	POST	undefined	/login
2024-11-12 14:05:51	7be4962a-41ec-45a0-a14e-746523d1fa43	POST	undefined	/login
2024-11-12 14:06:12	ed902611-55ab-4bc4-8481-49d927d4de54	GET	undefined	/refresh/refresh-token
2024-11-12 14:06:14	3562e161-3b65-43c3-9a6f-2a5dd99f07e0	GET	undefined	/refresh/refresh-token
2024-11-12 14:06:21	2939c5d8-8a94-4ae6-9d4b-bf71aab439fb	GET	undefined	/refresh/refresh-token
2024-11-12 14:06:40	3c91d3f5-39b5-4aaa-b750-d62554d20b87	GET	undefined	/refresh/refresh-token
2024-11-12 14:06:44	2d3b485e-8512-4ab2-a592-b308b032d6f7	POST	undefined	/login
2024-11-12 14:06:45	98bd8b4f-0532-43cb-9ebd-05f7d94437e4	GET	undefined	/refresh/refresh-token
2024-11-12 14:07:00	fc969366-969c-4d22-84c7-e7698a0e3200	GET	undefined	/refresh/refresh-token
2024-11-12 14:07:00	f0376d63-bacd-4a13-9fae-34d3189303cf	GET	undefined	/refresh/refresh-token
2024-11-12 14:07:03	387c2fcc-bf0e-47af-8908-5fb0df0d1494	GET	undefined	/refresh/refresh-token
2024-11-12 14:07:13	7bdd5c43-0ede-4462-b834-929c23a7169f	POST	undefined	/login
2024-11-12 14:07:25	307fdaed-9048-44f6-aade-a59d2a474095	GET	undefined	/refresh/refresh-token
2024-11-12 14:07:27	28f0fe85-c40c-419f-befd-412fa948b8e8	GET	undefined	/refresh/refresh-token
2024-11-12 14:07:36	5f223205-090d-4089-917a-1c3d65a01b91	GET	undefined	/refresh/refresh-token
2024-11-12 14:10:27	3be25363-6ddb-431a-919c-2301e98a4bc5	GET	undefined	/refresh/refresh-token
2024-11-12 14:10:28	44ca1efe-f0e9-4208-b1ab-f5a175d80c3d	GET	undefined	/refresh/refresh-token
2024-11-12 14:10:50	47d611a7-6a91-417b-8448-4b95fd35162b	GET	undefined	/refresh/refresh-token
2024-11-12 14:11:45	62dbcaa9-c2ae-4434-a72c-07d00af7f2bb	POST	undefined	/login
2024-11-12 14:13:42	9e5aaa71-c717-4418-9f86-368588baf600	POST	undefined	/login
2024-11-12 14:16:09	7b19adb7-2ede-4bf7-a7c6-083e666b740b	GET	undefined	/refresh/refresh-token
2024-11-12 14:16:10	f6f0102d-9b3a-4eca-b3e4-aee187056eb5	GET	undefined	/refresh/refresh-token
2024-11-12 14:17:28	80460122-aed9-433a-83b3-89fe40fd1cdf	POST	undefined	/login
2024-11-12 14:17:50	13009236-028f-47aa-baab-aea07a3f05d3	POST	undefined	/login
2024-11-12 14:17:59	7ba27284-2dcf-4ba7-9917-36c9608b00ae	GET	undefined	/refresh/refresh-token
2024-11-12 14:18:09	e2eb04d9-09cf-4100-acac-a4dd59620a5e	POST	undefined	/login
2024-11-12 14:18:12	c5b4c62f-d210-4844-95f6-50debd8722a8	GET	undefined	/refresh/refresh-token
2024-11-12 14:18:14	18003f97-2c9d-4cab-b9fe-50bff6fc83ca	POST	undefined	/login
2024-11-12 14:18:15	15518659-113b-4eb8-8f5d-a219a654f394	GET	undefined	/refresh/refresh-token
2024-11-12 14:18:16	1ff9aeda-9299-41c5-b4b3-af24fe32cfd1	GET	undefined	/refresh/refresh-token
2024-11-12 14:18:24	80e5e5bf-ca6c-42a2-bde4-46b7831bc9a3	GET	undefined	/refresh/refresh-token
2024-11-12 14:18:26	32becdbb-4221-432c-b505-cc1ed2079914	GET	undefined	/refresh/refresh-token
2024-11-12 14:19:31	a36c9fdd-88d8-49fd-86b2-1a57c7ba0145	POST	undefined	/login
2024-11-12 14:19:43	1eb97968-14eb-4f37-ac5d-baac67db77cd	GET	undefined	/refresh/refresh-token
2024-11-12 14:19:46	668bc23e-f728-4605-9e7c-af2f42cdb997	POST	undefined	/login
2024-11-12 14:19:47	d0224125-b723-4aff-919d-b3b74550c40a	GET	undefined	/refresh/refresh-token
2024-11-12 14:20:15	a721b210-f3d7-4b0f-a6eb-1a6d8b752c39	GET	undefined	/refresh/refresh-token
2024-11-12 14:20:17	b763e088-204b-4fbc-82fc-3feff962db7a	GET	undefined	/refresh/refresh-token
2024-11-12 14:20:20	d2cc1d3c-8148-434b-942c-13eb003e2e96	POST	undefined	/login
2024-11-12 14:20:21	c9160634-d467-4a13-8322-1b901902c6b5	GET	undefined	/refresh/refresh-token
2024-11-12 14:20:22	3b333488-d36f-495f-b03d-1a54a0dd87eb	GET	undefined	/refresh/refresh-token
2024-11-12 14:20:23	f77c1cd2-3912-4352-af79-06e48bb3d4cc	GET	undefined	/refresh/refresh-token
2024-11-12 14:20:28	9a8f47d1-62ce-4b36-a48a-e9710f726d5b	GET	undefined	/refresh/refresh-token
2024-11-12 14:20:30	b28e23f1-7162-4707-8194-7f0ce846ce87	POST	undefined	/login
2024-11-12 14:20:33	24d8885a-5cbb-4b05-aefb-43465b2fa568	GET	undefined	/refresh/refresh-token
2024-11-12 14:20:33	cf9c624d-cb1e-47d5-9aae-443e87dae7ab	GET	undefined	/refresh/refresh-token
2024-11-12 14:20:51	3b04acc6-90a3-40f1-946e-e093ad9c41bf	GET	undefined	/refresh/refresh-token
2024-11-12 14:20:53	84533c87-0412-44a0-b80f-357c785403cc	POST	undefined	/login
2024-11-12 14:20:55	7486205e-1c60-4896-95da-2b50d84f3e61	GET	undefined	/refresh/refresh-token
2024-11-12 14:20:57	de21f50f-a83a-4ab5-a512-fd1538db5cad	GET	undefined	/refresh/refresh-token
2024-11-12 14:33:37	3819e9b7-c27c-44b5-a987-a1eff53d043d	GET	undefined	/login
2024-11-12 14:34:29	4ab6f710-4dca-43ae-bd75-a60044792dbd	GET	undefined	/login
2024-11-12 14:34:31	b1a41e70-646a-4c8c-a9bb-50fb10114da1	GET	undefined	/login
2024-11-12 14:34:40	7d034499-4411-48a0-93b3-3ed73d5b1355	GET	undefined	/login
2024-11-12 14:35:04	aee8a1c8-fde8-4bdd-9273-a8e2722fd698	GET	undefined	/login
2024-11-12 14:35:44	246c307c-da88-4fbc-af54-d7157aaa4d5e	GET	undefined	/refresh/refresh-token
2024-11-12 14:36:02	d2cb8992-3e6b-4873-aeed-a1c5b5abcec2	POST	undefined	/login
2024-11-12 14:36:04	1c44c6be-7e46-4b34-b89f-758cf3048b8a	GET	undefined	/refresh/refresh-token
2024-11-12 14:36:21	bb9c9245-5428-4e43-b9c4-0b495d1c9043	GET	undefined	/login
2024-11-12 14:36:44	187ab7dc-525d-477b-9e90-ff59bfa4577c	GET	undefined	/login
2024-11-12 14:38:15	249bc7b4-3f18-4bdf-92bf-04f060445840	GET	undefined	/login
2024-11-12 14:41:26	fde9185f-735d-4529-8d7f-9e7e3bd739b2	GET	undefined	/login
2024-11-12 14:42:26	55721355-4ffe-455e-8c45-e30fd352daba	GET	undefined	/login
2024-11-12 14:42:38	374939b4-9245-4298-b861-b1516de38689	GET	undefined	/login
2024-11-12 14:42:56	1bf0c493-a292-480d-8c70-7731e557b96d	GET	undefined	/login
2024-11-12 14:45:15	0cf565a5-4a0b-4e4c-bf0c-bebf3dd22763	GET	undefined	/login
2024-11-12 14:50:02	802b757b-98a3-4aa6-b5d8-be6f555b08f5	GET	undefined	/login
2024-11-12 14:50:09	0003fac5-33f3-4eff-b32e-372c1420072b	GET	undefined	/employees/2
2024-11-12 14:50:15	dc60e6de-05e0-4694-8a08-606d89cab4a5	POST	undefined	/register
2024-11-12 14:50:21	480dc10c-f68e-4155-a6ee-75b025bfee48	GET	undefined	/login
2024-11-12 14:50:24	57833dae-6d53-4c27-89f6-7e82160672db	GET	undefined	/refresh/refresh-token
2024-11-12 14:50:59	98e04cb4-4f7a-4764-975f-2c7f78c0a156	GET	undefined	/login
2024-11-12 14:51:11	bdaaf7ac-2b12-460c-9d1c-733d48367624	GET	undefined	/login
2024-11-12 14:51:17	d9c5bc70-fb0a-4fae-ba30-a7396c583f68	GET	undefined	/login
2024-11-12 14:52:21	42775f4e-2599-4d34-95b5-680d26cc1505	POST	undefined	/login
2024-11-12 14:52:21	e901c819-a7f1-4df8-9204-acde760ba52e	POST	undefined	/login
2024-11-12 14:52:26	86c29389-e90b-489c-bf37-4ac7aa54be35	GET	undefined	/login
2024-11-12 14:53:22	5bdfc635-d2ef-457b-91aa-eb4a3d96d85a	GET	undefined	/login
2024-11-12 14:53:24	4ed76739-03d5-4377-935f-27a1e58b7782	GET	undefined	/login
2024-11-12 14:53:30	14484c9c-707c-4db4-818c-ba5c1237e842	POST	undefined	/login
2024-11-12 14:53:48	1d205de8-50f5-42dd-8e29-0970ffb8d629	POST	undefined	/login
2024-11-12 14:54:04	3281f992-6622-4b9e-8777-34385d2e696c	POST	undefined	/login
2024-11-12 14:54:25	8fbe9a13-e3bf-48de-acae-135f039ece70	GET	undefined	/refresh/refresh-token
2024-11-12 14:54:31	ea51ea06-04c7-41c8-af90-7a20558721d4	POST	undefined	/login
2024-11-12 14:54:56	e2837a20-b8a1-4e67-a857-7af79a8595bf	POST	undefined	/login
2024-11-12 14:55:19	9f3c40a4-12fd-4633-8da6-e466c529e303	POST	undefined	/login
2024-11-12 14:55:48	f777503d-5c05-496a-8c66-4e7ffd0132de	POST	undefined	/login
2024-11-12 14:56:01	961a291d-bffa-4cc2-a731-63a4a290e31a	POST	undefined	/login
2024-11-12 14:56:03	8e8be20b-f3cf-44dd-81b1-6ce30e48e50b	POST	undefined	/login
2024-11-12 14:56:07	cf781ecd-06f6-443a-b0cc-1f4867c6bbc9	POST	undefined	/login
2024-11-12 14:56:10	6e5dc8ec-f1e4-4a4c-b809-c073a3a19a06	POST	undefined	/login
2024-11-12 14:56:47	7e4dff47-6779-488a-88ae-545e8ced1034	POST	undefined	/login
2024-11-12 14:57:27	2aecdc48-931a-46df-b8d5-4d6e908826fb	POST	undefined	/login
2024-11-12 14:57:41	9a522671-39d5-4a3f-a3d2-7fbbff934786	GET	undefined	/refresh/refresh-token
2024-11-12 14:57:43	a09fae01-5590-4786-8d07-cbef2569626e	GET	undefined	/refresh/refresh-token
2024-11-12 14:57:56	eb058c33-f93e-4b2c-8ea9-a867f34ece6a	GET	undefined	/refresh/refresh-token
2024-11-12 14:59:14	f106060d-d797-4ec0-ade1-fd00fce0d0c2	POST	undefined	/login
2024-11-12 14:59:17	d1d9f9c8-e556-4cfb-a98a-d32dcc5a8d9a	POST	undefined	/login
2024-11-12 15:00:12	0d94943b-f29a-4949-9306-8a16fd48fe6a	GET	undefined	/refresh/refresh-token
2024-11-12 15:00:14	ee7db431-8690-41f6-96b6-a4cadec14cd2	GET	undefined	/refresh/refresh-token
2024-11-12 15:00:16	88c6b16f-4612-4284-acca-42bf13f26e41	GET	undefined	/refresh/refresh-token
2024-11-12 15:00:20	f6bc7a59-3588-4ca7-8ba1-ce9aa68ee9c9	POST	undefined	/login
2024-11-12 15:01:01	abbdf15b-c042-49bf-bb70-60abc0efcdf7	POST	undefined	/login
2024-11-12 19:51:06	7232f62a-c6f5-4377-98de-5e42a4158f08	POST	undefined	/login
2024-11-12 19:51:27	3308b1bc-c8b8-45f3-a76e-ab702d74af63	GET	undefined	/refresh/refresh-token
2024-11-12 19:51:57	de669c7a-59e2-4ecb-8439-ad8449a21166	GET	undefined	/refresh/refresh-token
2024-11-12 20:04:06	4a168ac0-28c1-4f9c-9faa-ad938308276c	GET	undefined	/logout
2024-11-12 20:06:30	14ae42a9-ae8a-4212-8792-2005cb897862	GET	undefined	/refresh/refresh-token
2024-11-12 20:06:31	09178ebf-f298-42ca-93ca-7b88a5d60be1	GET	undefined	/refresh/refresh-token
2024-11-12 20:06:34	ca58ea03-43ef-4a40-a904-d263204e8451	POST	undefined	/login
2024-11-12 20:06:39	4440e1e5-ceeb-483f-9a31-0b8e9db5eea8	GET	undefined	/refresh/refresh-token
2024-11-12 20:06:42	99bda610-e7a5-4245-a271-13aba292c49e	GET	undefined	/logout
2024-11-12 20:07:07	e3582c15-d268-4a43-bfec-4f782a4d0db2	GET	undefined	/logout
2024-11-12 20:07:55	42ac34d2-daee-49f6-b566-ce07b038335a	GET	undefined	/logout
2024-11-12 20:08:03	1d1e84de-459f-44d3-bdde-291d6c7693be	GET	undefined	/logout
2024-11-12 20:08:23	a5b497a1-8a76-4fe9-ab5d-fc458d5006d7	GET	undefined	/logout
2024-11-12 20:08:32	d6d76b77-6586-443e-9c15-b3199d80de14	GET	undefined	/logout
2024-11-12 20:08:34	e97181cb-bfa4-4ddd-ba65-1e6f1b803795	GET	undefined	/logout
2024-11-12 20:10:18	e439c742-8687-4258-9aac-92b5f6bfeeea	GET	undefined	/logout
2024-11-12 20:11:15	e8182be5-0e82-4a6b-8ebc-0c87f538e5fb	GET	undefined	/logout
2024-11-12 20:11:18	0a7f5876-1dab-4dc4-9062-b59d45357434	POST	undefined	/login
2024-11-12 20:11:24	2930ec6d-448a-4741-a933-847e76430037	GET	undefined	/refresh/refresh-token
2024-11-12 20:11:27	e23ecfc1-c9e2-48a6-b2e3-83689bf2c28e	GET	undefined	/logout
2024-11-12 20:11:45	82b88e2b-8f0b-45f8-a0ba-16b49189f4d9	POST	undefined	/login
2024-11-12 20:11:51	672b481f-383e-4e4a-b0e8-b55327ee2894	GET	undefined	/refresh/refresh-token
2024-11-12 20:12:00	9ebd8b7e-587f-48b1-a4c0-17ba97743d31	GET	undefined	/refresh/refresh-token
2024-11-12 20:12:05	c45e48a5-956c-4933-91e6-625e1654bd09	GET	undefined	/refresh/refresh-token
2024-11-12 20:12:12	1e1545e2-9ce1-4176-a04a-f68ae7229ea6	GET	undefined	/logout
2024-11-12 20:40:48	67242fa8-4824-4f11-9205-2b094a377c97	POST	undefined	/login
2024-11-12 20:40:51	5263405a-4fdc-4f13-bb2a-601ce38f168d	POST	undefined	/login
2024-11-12 20:43:58	635113ad-3eba-4015-887a-b6988d2b6ab5	POST	undefined	/login
2024-11-12 20:44:03	ada6bf51-ddc7-4e4f-84a3-71edf177de07	GET	undefined	/refresh/refresh-token
2024-11-12 20:44:23	9b005d04-84bc-40ce-93a0-a9b7c6856204	GET	undefined	/refresh/refresh-token
2024-11-12 20:44:30	e1cfc245-42fe-4261-a29c-c646458d5dbd	GET	undefined	/logout
2024-11-12 20:44:36	fd2211f6-5889-4ae4-af88-d4f7a72b20e2	GET	undefined	/refresh/refresh-token
2024-11-13 13:49:07	bb08fde5-2833-4c57-b5f7-c4b1736f8df5	POST	undefined	/login
2024-11-13 13:49:41	58135503-1071-4691-a2f6-0c99297dc985	POST	undefined	/login
2024-11-13 13:51:57	3aa38dba-4c7e-4941-ac75-4bcd41ab115f	GET	undefined	/refresh/refresh-token
2024-11-13 13:52:00	2e98072d-fccf-46ed-a01d-95ea6c91bba8	GET	undefined	/logout
2024-11-13 13:52:03	9dda3b0f-a895-4df5-ab13-3f239fb8afda	GET	undefined	/refresh/refresh-token
2024-11-13 13:52:06	b366b7d9-3f17-4d6a-b4bd-43367cce547a	POST	undefined	/login
2024-11-13 13:54:52	369eb7fe-3887-4d7b-90d1-b38159c9c998	GET	undefined	/logout
2024-11-13 14:19:43	dc892673-bfec-4be7-912e-f42d60da70d1	POST	undefined	/register
2024-11-13 14:20:37	405c04f0-6ea4-401d-8fd4-7ac204991e22	POST	undefined	/register
2024-11-13 14:20:46	9ed96ec5-e701-4f05-8610-950edbb9753c	POST	undefined	/register
2024-11-13 14:20:47	aab08a9f-6d51-464d-b2e0-db2bfafd2aa0	POST	undefined	/register
2024-11-13 14:20:49	904affd6-2db8-470f-b478-4e31d5559233	POST	undefined	/register
2024-11-13 14:20:53	3c90260c-0786-4993-9b04-017fd5a7990d	POST	undefined	/register
2024-11-13 14:21:04	9f9ffdcd-6736-4977-80d1-e06187781e01	POST	undefined	/register
2024-11-13 14:21:56	b54c63f6-99c1-43f2-82d7-87fa8bbb9ddf	POST	undefined	/register
2024-11-13 14:22:04	e2999096-d9dc-45c4-8f5b-1939aa3653ea	POST	undefined	/register
2024-11-13 14:23:43	f70fbf0c-71f6-44bc-9ea6-e412b7af5a93	GET	undefined	/logout
2024-11-13 14:29:52	0f3260da-ffa8-4344-abbb-9f2f9fbb038e	POST	undefined	/employees/
2024-11-13 14:30:23	f0ad153e-8a0d-4147-9736-38f222f2296c	POST	undefined	/login
2024-11-13 14:30:27	47340704-8351-448b-b5be-a20849122971	POST	undefined	/employees/
2024-11-13 14:32:05	523264ed-9c2c-4023-9779-5deea17bdb5d	POST	undefined	/employees/
2024-11-13 14:32:13	27dfb049-0f93-4e47-aa9d-490480c3a86d	POST	undefined	/login
2024-11-13 14:32:16	33f1ef2b-1707-4824-bc91-ac31d979a779	POST	undefined	/employees/
2024-11-13 14:32:26	ae93a3e4-2e73-488d-82a1-f5e0d6d294cd	POST	undefined	/login
2024-11-13 14:32:29	a0288d65-bdbe-48cc-9c97-17df96ca8e9c	POST	undefined	/employees/
2024-11-13 14:33:33	86de4e75-7461-4f40-80d0-7a1b196679c0	POST	undefined	/login
2024-11-13 14:35:04	3a0eaab8-ab03-47b1-a1b5-39a326b8f786	POST	undefined	/login
2024-11-13 14:35:13	6be42d07-fe3c-47a5-b56a-942dd6ac1e48	POST	undefined	/employees/
2024-11-13 14:36:54	2ec8b4be-9154-4a82-9531-aa692072ccd4	POST	undefined	/employees/
2024-11-13 14:37:25	a6403392-b010-4355-a136-7d7e868f30b0	POST	undefined	/employees/
2024-11-13 14:37:29	833f13f5-2632-4e3a-be50-374216f1b64e	POST	undefined	/login
2024-11-13 14:37:32	f732e5c2-28e1-418b-a2a2-d562e25be11f	POST	undefined	/employees/
2024-11-13 14:39:12	71c1544c-bd12-4723-9568-73a7b135f328	POST	undefined	/employees/
2024-11-13 14:39:14	eb08f943-6e46-4b01-91d3-8ff26f8c0dd2	POST	undefined	/employees/
2024-11-13 14:39:38	0b573a77-f33e-4f0f-94e3-a5b81fac5103	POST	undefined	/employees/
2024-11-13 14:39:41	488e0550-1379-4e2b-9773-7af2f62390ee	POST	undefined	/login
2024-11-13 14:40:01	a8206391-91c2-4977-a4a6-5a3603f3f8da	POST	undefined	/employees/
2024-11-13 14:40:12	c9e5ea47-af3b-459d-b10e-22f85405ce9b	POST	undefined	/employees/
2024-11-13 14:40:54	0f01da04-77ef-4458-8697-fd006073536a	GET	undefined	/logout
2024-11-13 14:41:00	4782facb-b131-4e07-98d8-c5ff13bce0f8	POST	undefined	/employees/
2024-11-13 14:41:01	1e641436-17f8-454a-a6fe-ebc5bf5ee224	POST	undefined	/employees/
2024-11-13 14:41:22	78ead5fa-04c0-494a-a5a9-8062495c63bf	GET	undefined	/logout
2024-11-13 14:41:25	f942bb55-c561-45f4-a5fb-09059e8d6c4d	POST	undefined	/employees/
2024-11-13 14:41:39	8aee015a-9a18-4400-8592-a5f241475795	POST	undefined	/employees/
2024-11-13 14:42:38	a7cafa55-e6ab-40fb-85b3-60ec34099b58	POST	undefined	/employees/
2024-11-13 14:42:42	c957751d-ebab-4aee-a5f8-d2469dbe731c	POST	undefined	/login
2024-11-13 14:42:45	f2ad4670-b94f-4973-90c9-01fde2e9fd65	POST	undefined	/employees/
2024-11-13 14:46:58	8b0a6ad4-0bb5-4f19-8eef-9d83a40f3837	POST	undefined	/employees/
2024-11-13 16:04:09	5963774b-2880-4db3-a62b-6d086440bbfc	POST	undefined	/employees/
2024-11-13 16:04:17	12edc98a-6273-438f-916f-3bcfda63f42e	GET	undefined	/refresh/refresh-token
2024-11-13 16:04:27	e2dc8fe1-2304-4b48-b55d-1995479eb5e9	POST	undefined	/employees/
2024-11-13 16:04:32	0e67d465-f1fa-4e69-a2e4-74e0b69cdc77	POST	undefined	/employees/
2024-11-13 16:05:03	1e947b52-fd02-49c4-a5bf-8825769faf0f	GET	undefined	/refresh/refresh-token
2024-11-13 16:05:06	fb12e369-213f-49d3-a580-671ba43fa699	POST	undefined	/employees/
2024-11-13 16:05:31	ff241253-f52e-4638-89cf-eba386470079	POST	undefined	/employees/
2024-11-13 16:05:53	4fcbd6de-eab0-43b3-9a7c-36fbe1848d31	POST	undefined	/employees/
2024-11-13 16:07:59	0d5bbfa6-e389-48de-a91d-541d5d4ac9ae	POST	undefined	/employees/
2024-11-13 16:18:56	119ec4dd-9cfa-40aa-9bb6-c105d6a3bf69	GET	undefined	/refresh/refresh-token
2024-11-13 16:18:59	8ca8a3cc-ebcb-4a74-b5df-12bbd173e4ca	POST	undefined	/employees/
2024-11-13 16:19:07	547fd5b1-e09d-429a-ab99-a0b309fbcfe3	GET	undefined	/logout
2024-11-13 16:19:16	6126a8eb-c1a3-4f10-82da-270a8f88cbd2	POST	undefined	/login
2024-11-13 16:19:19	2ded59ea-cee0-473b-bd71-354a3da76de1	POST	undefined	/employees/
2024-11-13 16:19:36	f93e19e2-a9a0-4084-8763-113e0675f442	POST	undefined	/employees/
2024-11-13 16:19:55	52baacaf-f206-459f-9346-d60b095cd70c	POST	undefined	/employees/
2024-11-13 16:19:58	1edf82fa-d417-419e-b2be-d03ede91b308	POST	undefined	/employees/
2024-11-13 16:20:34	46371011-b368-45d4-907d-d808402ef1f6	POST	undefined	/employees/
2024-11-13 16:20:53	2ea2dfcf-6e84-4d6d-bac8-0b59c27ce6d7	POST	undefined	/employees/
2024-11-13 16:20:57	583d4131-d43f-4457-8d15-000e054be826	POST	undefined	/employees/
2024-11-13 16:20:58	05a5ca73-c55a-4736-ad04-892291d4d358	POST	undefined	/employees/
2024-11-13 16:47:31	abf739c9-b90d-4ca0-abb4-d7ca8254e8f2	POST	undefined	/employees/
2024-11-13 16:48:20	6231e727-4b24-4db7-8ea2-17fe0ca0cd8b	POST	undefined	/employees/
2024-11-13 16:48:31	54f3c394-70a0-4e14-a227-46c423434bb4	GET	undefined	/refresh/refresh-token
2024-11-13 16:48:34	77c497fe-a1e1-4edf-9ece-9cd150d7fb2e	POST	undefined	/employees/
2024-11-14 15:23:22	507c9230-b45d-452a-a1a9-bfdd3ed3fd61	POST	undefined	/register
2024-11-14 15:27:24	9c293164-a907-4030-b2f1-0ece519c290f	POST	undefined	/register
2024-11-14 15:29:43	a76d0b1e-64e0-4085-b0da-f548de579977	POST	undefined	/register
2024-11-14 15:31:21	7245bd0f-784c-4fa7-a458-4fae4e52c12e	POST	undefined	/register
2024-11-14 16:13:29	58505c1f-dad0-45d0-8dac-9a1bd871b673	POST	undefined	/login
2024-11-14 16:13:46	67447bee-a7b7-4f30-8dd5-9e4c08df1082	POST	undefined	/register
2024-11-14 16:13:51	30e223a2-6595-4c9a-b3f6-f5000c1c75af	POST	undefined	/login
2024-11-14 16:13:54	b39f39e4-cf9c-47b6-be80-f17a996efe7b	POST	undefined	/login
2024-11-14 16:14:20	9822b8b6-15ad-4c19-a7fd-ec47dd48e9f6	POST	undefined	/login
2024-11-14 16:23:08	3aaeb977-ae9c-401c-9096-23db241d852b	POST	undefined	/login
2024-11-14 16:23:28	c4985cb2-71e3-4d06-a310-44cf29e19bea	POST	undefined	/login
2024-11-14 16:23:29	e7d477a4-f0e0-44e7-8ab8-a3bde9cd1819	POST	undefined	/login
2024-11-14 16:23:32	86c02e5c-edaf-4d53-b8f0-39a1f977f114	POST	undefined	/login
2024-11-14 16:24:09	b43f90cc-dc90-4ee8-afbe-419df57aae22	POST	undefined	/login
2024-11-14 16:24:11	e4379eeb-eab9-413b-a9ab-900c84a08660	POST	undefined	/login
2024-11-14 16:24:32	08ad47c5-d81b-46d8-a75e-e70e2478e927	POST	undefined	/login
2024-11-14 16:25:10	db6c1f2a-91c5-4625-8b50-833353934d99	POST	undefined	/register
2024-11-14 16:25:43	4bb5d4bb-7da1-4f98-b4e5-1243fe2e5e85	POST	undefined	/login
2024-11-14 16:25:45	db8a1d1a-2eb3-402a-995b-035977e7e63b	POST	undefined	/login
2024-11-14 16:25:46	d9d84267-ead8-4889-9e7d-503e07cc65a7	POST	undefined	/login
2024-11-14 16:26:10	e0a2b0c3-cbeb-498d-92b9-6801a0c6cf7c	POST	undefined	/register
2024-11-14 16:26:20	d709eb4a-53ca-492c-aacd-d53aca7f8330	POST	undefined	/register
2024-11-14 16:27:42	5ce6bce4-d5ac-4ecb-b36e-f643c689b328	POST	undefined	/login
2024-11-14 16:28:32	04c85f8f-d5a6-4953-831a-cd97cc34979f	POST	undefined	/login
2024-11-14 16:29:27	a1bd8fde-d819-4d0a-b402-232026ec5ce9	POST	undefined	/login
2024-11-14 16:30:13	ff055250-5810-469f-8f4e-c21d7b91d285	POST	undefined	/login
2024-11-14 16:32:09	ec8ac1b8-0f27-43ad-bb5c-51042b14653f	POST	undefined	/login
2024-11-14 16:32:56	fa0b4407-5f6a-49f1-b90a-1595b67274a8	POST	undefined	/login
2024-11-14 16:33:05	d5598a03-1adb-4ced-9f0d-32fddfa39fdc	POST	undefined	/login
2024-11-14 16:34:02	d591bf64-7408-405b-85a8-20618b4fb902	POST	undefined	/login
2024-11-14 16:35:19	59146126-c15d-4ab0-a729-bab043fccaa5	POST	undefined	/login
2024-11-14 16:36:23	72857d3b-d4ae-401d-a293-01d58e47cd22	POST	undefined	/login
2024-11-14 16:36:43	49d4c4dd-b66b-4313-b0fb-2b9ffbe8c828	POST	undefined	/login
2024-11-14 16:37:05	58c6d55c-9564-489f-a369-9c270dead5bb	POST	undefined	/login
2024-11-14 16:37:31	77511cfb-d6eb-4b47-b98e-a5b0bc96153a	POST	undefined	/login
2024-11-14 16:38:01	7c96be42-b1a7-4bf5-8852-92680898d352	GET	undefined	/refresh/refresh-token
2024-11-14 16:38:10	f333a307-bd34-45ab-b5d6-b3f7b6618728	GET	undefined	/logout
2024-11-14 16:38:15	3eeecca9-f8b2-488b-8319-8d5a91712d08	GET	undefined	/refresh/refresh-token
2024-11-14 16:38:17	df79a7a9-f7db-4a32-a287-c436c5681468	POST	undefined	/login
2024-11-14 16:38:20	0fe9743b-e538-46fc-8ba2-4a5ce8d99a37	GET	undefined	/refresh/refresh-token
2024-11-14 16:39:16	7eb4f854-3182-4fcc-b8d0-28ef6cd39002	GET	undefined	/refresh/refresh-token
2024-11-14 16:41:34	5315f0dd-11a6-46cc-8d75-05db1be95e0b	GET	undefined	/refresh/refresh-token
2024-11-14 18:35:54	23f0e453-5da6-4162-942f-b66efa0aac77	GET	undefined	/refresh/refresh-token
2024-11-14 18:35:56	36b869af-6e0c-48e8-8e89-c8acc8c50055	GET	undefined	/logout
2024-11-14 18:36:02	dfdc17e0-94fa-4488-a557-2446e6a360f8	POST	undefined	/register
2024-11-14 18:36:09	b5eb4fd7-a4a5-40ee-932f-64e3e5e05ad6	POST	undefined	/register
2024-11-14 18:36:19	8baa7b52-a429-43a4-acd8-4c36490ce3cb	POST	undefined	/register
2024-11-14 18:36:34	d6b306d7-c560-478d-95b9-d705996b1d10	POST	undefined	/login
2024-11-14 18:36:39	9302db16-5e57-4f7f-b0ce-4c3a4a765064	GET	undefined	/refresh/refresh-token
2024-11-14 18:36:41	9bdf6837-9a1f-4e4a-8b7b-4b1b77fb548c	GET	undefined	/logout
2024-11-14 21:01:35	95f2dd6c-a05f-44c1-82aa-5db479a677d3	POST	undefined	/login
2024-11-14 21:02:00	18a1ec62-b9da-4eab-a6d5-a8a5ccb7d04c	POST	undefined	/login
2024-11-14 21:02:03	0b52c9e0-f434-4ae9-ba77-c5e023ed9990	POST	undefined	/login
2024-11-14 21:02:49	94c9a5bf-9f1f-4ca9-8e8f-06b40407419a	POST	undefined	/login
2024-11-14 21:02:50	f8aeaf2a-d3b1-48d8-af1f-6fbe8493f88b	POST	undefined	/login
2024-11-14 21:02:53	bde7ca8e-8d0b-4ab4-8389-e9217ff96776	POST	undefined	/login
2024-11-14 21:02:58	8c84eb5b-85c5-4f31-838c-55ad1eef65b2	POST	undefined	/login
2024-11-14 21:03:01	7acb6bc1-d83a-4983-9376-1600e76dfd6c	POST	undefined	/login
2024-11-14 21:03:05	56056b0c-6860-47e8-b72f-4fed50f321bb	POST	undefined	/login
2024-11-14 21:03:08	f641ba0b-079b-4316-a417-575362fb3b15	POST	undefined	/login
2024-11-14 21:03:27	5a78cebc-a9a8-4a7b-a32c-9dc64ea0c516	POST	undefined	/login
2024-11-14 21:04:10	8284c793-2d48-4974-a489-4434e9a00a0e	POST	undefined	/login
2024-11-14 21:04:14	54222fb9-004c-4978-9df7-857f37687f90	GET	undefined	/logout
2024-11-14 21:04:19	15e7fbaa-4de5-4d85-b1f8-68414addf325	GET	undefined	/refresh/refresh-token
2024-11-14 21:04:22	8d9496e5-6df1-4b7e-8087-f02c9b4d04fa	POST	undefined	/login
2024-11-14 21:04:24	f1bbe882-727f-4856-a080-7a6bd0706ce6	GET	undefined	/refresh/refresh-token
2024-11-14 21:05:33	1d1172b8-4780-4e04-9d29-8e42c4e717f3	POST	undefined	/employees/
2024-11-14 21:05:46	fbfb76fa-2bbd-4104-8b75-9641cf463fce	POST	undefined	/login
2024-11-14 21:10:11	e0a3d386-ddf0-4fd5-9628-68792569e119	GET	undefined	/refresh/refresh-token
2024-11-14 21:10:13	8708a12f-1aed-436d-ba8b-8573f88c087f	POST	undefined	/employees/
2024-11-14 21:10:28	6270390c-b771-404f-89ed-c6ff5ae696d4	POST	undefined	/employees/
2024-11-14 21:15:14	300623ba-8aca-47b8-bebc-868b30f23194	POST	undefined	/login
2024-11-14 21:15:42	6b4227b9-aff6-41be-a204-44bcba7ae729	POST	undefined	/login
2024-11-14 21:30:44	fff1a70d-2a42-4815-a22b-5bf45a0dc743	POST	undefined	/login
2024-11-14 21:30:58	7e59c2aa-cabb-4bd8-805e-ffed75398731	POST	undefined	/employees/
2024-11-14 21:32:42	bd80a14e-a044-4f8b-a48f-0e1cc619407a	GET	undefined	/logout
2024-11-14 21:32:44	8da41c97-833e-45e8-8e4e-7f51bd24ac69	POST	undefined	/login
2024-11-14 21:32:46	8e4d20a9-a9a8-4892-a87d-0a600d00c739	POST	undefined	/employees/
2024-11-14 21:33:26	08e86b6b-73a1-4495-ae3a-e5c60514166d	POST	undefined	/employees/
2024-11-14 21:33:44	68fc8b4d-3ad8-4576-bdf5-997947d1adac	POST	undefined	/employees/
2024-11-14 21:34:01	5d68690a-ed1a-451d-af50-cf77e30c7acd	POST	undefined	/employees/
2024-11-14 21:40:32	87af44fe-d6a1-45b5-802b-fcfbd98b1f13	GET	undefined	/logout
2024-11-14 21:40:34	40c13fa9-54a9-496d-ab83-fea9dee040ad	POST	undefined	/login
2024-11-14 21:40:39	5b46944b-808a-4d40-8ada-2e8e3eecad2d	POST	undefined	/employees/
2024-11-14 21:43:05	258c1ad5-909a-47a4-b23f-cb29549b59ad	POST	undefined	/employees/
2024-11-14 21:43:50	9734bf75-7edd-4254-80d5-b92841b66ae4	POST	undefined	/employees/
2024-11-14 21:43:58	51a5e419-6986-4802-a9a9-123a774f9342	POST	undefined	/employees/
2024-11-14 21:44:23	97d70492-5da6-43f2-9d9e-f85b40798e83	POST	undefined	/employees/
2024-11-14 21:48:19	0d46701b-630c-4a35-b95d-abd9fd6cc7a1	POST	undefined	/employees/
2024-11-14 21:48:36	0f80621f-cc87-4fe3-8bcf-9dbe169f230f	POST	undefined	/employees/
2024-11-14 21:49:57	cf7583a0-93b6-458f-ad4d-98a48a6dcb0b	POST	undefined	/employees/
2024-11-14 21:50:35	d2a07673-eb8b-4005-9593-d8f0850c7bce	POST	undefined	/employees/
2024-11-14 21:51:03	2129f341-e011-4713-ad58-3488120297f4	POST	undefined	/employees/
2024-11-14 21:51:05	37fff578-bf03-435a-a23e-e8c51c1ba95c	POST	undefined	/employees/
2024-11-14 21:53:09	aa420695-3d29-4522-bc9c-15b416f7d457	POST	undefined	/employees/
2024-11-14 21:53:10	b4bc90b7-5221-4ffa-836b-94f3c38d2252	POST	undefined	/employees/
2024-11-14 21:56:32	847df394-2885-4460-ba73-d163e05530c1	POST	undefined	/employees/
2024-11-14 21:56:36	adbf926d-9e5c-482e-95a5-87b67e1bded9	GET	undefined	/refresh/refresh-token
2024-11-14 21:56:39	274466ed-ec65-4ef7-bbf3-59004713f821	POST	undefined	/employees/
2024-11-14 21:56:43	5f78b773-f23a-469e-b341-e7f448c92ae5	POST	undefined	/employees/
2024-11-14 21:57:19	1a340c80-7edf-4875-9b56-eb8646bdafce	POST	undefined	/employees/
2024-11-14 21:57:21	34e41f89-870e-4204-95f1-9a88d74bcdf0	POST	undefined	/employees/
2024-11-14 22:01:30	8d5584bf-5809-4628-8bb1-2f7279bce83a	POST	undefined	/employees/
2024-11-14 22:01:33	7a98501e-7606-48c9-a67f-2cc530fd4874	POST	undefined	/employees/
2024-11-14 22:01:40	d5d79757-c0f3-4c43-84f3-029bd96f0499	POST	undefined	/employees/
2024-11-14 22:01:42	a922e1f7-8361-42a7-aee6-0a6ce9198737	POST	undefined	/employees/
2024-11-14 22:01:43	bc61359d-b0d9-4df4-a117-04ca321206d7	POST	undefined	/employees/
2024-11-14 22:01:45	6b71c803-ba71-45ab-bfc1-7e50e18beede	POST	undefined	/employees/
2024-11-14 22:01:46	b9199fd2-53c6-4af2-b095-03109c743bf0	POST	undefined	/employees/
2024-11-14 22:01:48	b58e48f2-ab78-4d81-9ec5-472eccdf9326	POST	undefined	/employees/
2024-11-14 22:02:05	91efd7fd-2cfb-41aa-bea0-8187d385210c	POST	undefined	/employees/
2024-11-14 22:02:07	158fdc3d-3681-45a4-8e8f-b886743fb57a	POST	undefined	/employees/
2024-11-14 22:02:08	9b6b2b6a-7a3e-4151-b7ad-99d8d9778852	POST	undefined	/employees/
2024-11-14 22:02:09	530f7d29-253f-45e1-a2f5-b19ae3433233	POST	undefined	/employees/
2024-11-14 22:02:49	76708816-8fc4-4796-ba81-1dcf1eec841c	POST	undefined	/employees/
2024-11-14 22:03:25	a6a8a9fd-1ed7-47f6-aee3-c778c332e8e8	POST	undefined	/employees/
2024-11-14 22:03:27	721691a4-2ddf-46ac-a5cb-6ed558beaac9	POST	undefined	/employees/
2024-11-14 22:03:35	d37d7e1c-399e-40dc-b96f-93c21d0a68ff	POST	undefined	/employees/
2024-11-14 22:03:37	d2882aa8-c59a-4cf1-b900-323c5229af34	POST	undefined	/employees/
2024-11-14 22:03:38	2e6fde40-4fb2-4c98-b995-6f924a3b77ac	POST	undefined	/employees/
2024-11-14 22:03:38	5302516f-7c21-4f56-ac15-00f4be7389e4	POST	undefined	/employees/
2024-11-14 22:03:39	f28a78fd-457d-41f8-9b82-e09c8ff5680a	POST	undefined	/employees/
2024-11-14 22:10:19	1403ce30-47be-4249-85df-771b76f6f6d7	POST	undefined	/register
2024-11-14 22:10:21	657724bf-b45c-4050-9832-c0f232110752	POST	undefined	/register
2024-11-14 22:10:38	39e885ac-6753-4d13-90c7-82fc0c2e3c34	POST	undefined	/register
2024-11-14 22:10:40	14379848-6231-4365-a8fc-1fcb78878cbb	POST	undefined	/register
2024-11-14 22:10:43	758d0a90-3afc-402a-a11d-95a9b831fc99	POST	undefined	/register
2024-11-14 22:13:03	b2560c58-bda1-4518-8d92-9ca01f27b42b	POST	undefined	/register
2024-11-14 22:36:03	2c54e0ee-fff4-4609-8afc-7b08abb116ff	GET	undefined	/logout
2024-11-14 22:36:32	e1a88901-e7cc-4627-a365-8385aa3f5297	GET	undefined	/logout
2024-11-14 22:37:48	85107f12-0f71-4c93-be0b-18c14a3fd4a7	POST	undefined	/login
2024-11-14 22:38:19	d4c8c1cf-2f3e-4e34-86c9-44d2dea5757a	GET	undefined	/logout
2024-11-14 22:38:25	42bf308e-be18-4fb7-bf51-9ce97d4c3ed8	GET	undefined	/logout
2024-11-14 22:39:03	7de09514-8dae-4e63-9ce8-942bda5ffde4	POST	undefined	/login
2024-11-14 22:39:07	25f0963d-45e5-4ddb-962e-43e45d0502c6	GET	undefined	/logout
