2024-11-06 18:41:11	1bdd47cf-cae7-4f1e-9f54-efd2e651dbc1	Server started
2024-11-06 18:43:49	6f9e8a61-172e-4e7f-a440-d230ea3a8a77	Server started
2024-11-06 18:49:04	2f65a962-70a7-4455-be5e-dc15d045cd2b	Server started
2024-11-06 18:51:04	310db7bf-7a9c-4577-8afc-cd7e007c3291	Server started
2024-11-06 18:52:05	a54c3446-f8de-45ba-94b2-91ad9e931a85	Server started
2024-11-06 18:52:28	e5d8dea5-e592-4f6c-89a2-3deb1e918c0c	Server started
2024-11-06 18:52:56	c09c07af-3472-4f68-b01b-70041cd48bd8	Server started
2024-11-06 18:53:45	593ef8d1-98e9-4b7f-a7dd-67f7de1c9852	Server started
2024-11-06 18:55:20	667c1d0f-3650-4165-bcce-1d9a87572389	Server started
2024-11-06 18:55:25	1a8b17cb-f9a2-4ffa-8922-9106206185c3	Server started
2024-11-06 23:18:27	f0f91e7d-c2bc-4bd4-910e-96e8202d6dfc	Server started
2024-11-06 23:20:38	ee003f28-3e1a-4d84-a114-a22a15865ca8	Server started
2024-11-06 23:20:49	52e291e6-ddce-4381-91d5-6d40b69b9eae	Server started
2024-11-06 23:20:53	36215aad-77bb-462e-9f33-b33e800f73ee	Server started
2024-11-06 23:23:50	e21032e4-52ac-488e-bc36-fe4c4ddad42b	Server started
2024-11-06 23:24:15	ba950555-167a-43f2-8bc3-d4f0419105a6	Server started
2024-11-07 11:52:48	b10d7a12-bda2-4f18-8027-72aa22982fdd	Server started
2024-11-07 11:53:30	8621ce7b-bc13-408f-a0e1-d60fd5b2b2a8	Server started
2024-11-07 11:53:44	fdfd40cf-c1cf-4d62-8c64-0b98a103b62d	Server started
2024-11-07 11:54:13	e2a3f218-d05c-443e-8d28-9c0494672688	Server started
2024-11-07 11:54:20	68c4c1db-283c-4e81-a62b-49f730756fc5	Server started
2024-11-07 11:56:02	1e602ed8-4134-485a-8447-c41a46a74b64	Server started
2024-11-07 11:56:58	dafa4361-e3fa-45d1-8f5c-17652a52aec7	Server started
2024-11-07 14:24:15	14260259-d7dd-49b9-88d8-8f8278d35393	Server started
2024-11-07 14:32:05	75fdfd1d-80ba-4f33-b862-a639c164f2d2	Server started
2024-11-07 14:32:17	6286ba51-0ee9-48b3-9b02-ad5736485fc7	Server started
2024-11-07 14:32:28	51b562c7-3381-4e3a-b831-d16fe62714be	Server started
2024-11-07 14:34:43	2352226e-de3f-4470-8bcd-c908f908b29d	Server started
2024-11-07 14:36:57	8a7a4e33-5b1f-438e-8cd3-1fe461487001	Server started
2024-11-07 14:37:03	070bf7cc-2385-4e58-a019-e24cfdb4eac5	Server started
2024-11-07 14:37:28	c5997322-86fb-4c7b-a804-8ccdbfc8af5a	Server started
2024-11-07 14:42:53	f70d15b0-a14c-4a1f-a93b-e7e28035406b	Server started
2024-11-07 14:43:27	c2b7b744-34ce-43bd-866f-026049401351	Server started
2024-11-07 14:43:57	7bcb6647-9977-4249-85e6-3e784fb2095f	Server started
2024-11-07 14:45:09	a9cdda50-5581-4d15-bffb-cec9bc7449f8	Server started
2024-11-07 14:45:40	a3033992-f42e-45b0-b561-410205fe5f89	Server started
2024-11-07 14:45:47	27f28845-54a1-4393-93f4-5c353db55222	Server started
2024-11-07 14:45:56	ec578800-4562-42de-890e-444587cd515b	Server started
2024-11-07 14:46:34	61d25f07-f487-4e4c-8c66-168767775e6e	Server started
2024-11-07 14:48:59	e0991406-4eb4-4b8d-911c-139195c1cbf9	Server started
2024-11-07 14:49:19	2753f3f7-6775-4832-8b33-f0f955508a04	Server started
2024-11-07 14:49:33	3e3c9147-0f4c-4ec8-a210-27b9e73d5153	Server started
2024-11-07 14:49:49	bc35fb80-3108-45b6-ba29-a7f87b782a50	Server started
2024-11-07 14:51:12	b0f632aa-bdb1-4a4f-9d96-60e7ae5a9483	Server started
2024-11-07 14:52:20	aa64286c-e3de-413c-8f69-619db73ccaea	Server started
2024-11-07 14:52:27	b0797212-1683-446f-995c-c8026623aa25	Server started
2024-11-07 14:52:36	2c6ce16f-6141-4b15-82bf-eee3ebd8b6af	Server started
2024-11-07 14:52:44	4209b004-e86e-493e-b709-064f7467eb15	Server started
2024-11-07 14:56:05	0f9fb4bd-27ad-46aa-98e9-3bdcdf36ec85	Server started
2024-11-07 14:59:00	cc423280-6020-4141-b11c-9a7f58c1aa4c	Server started
2024-11-08 10:25:56	19404bb1-5ac4-4d62-8be3-20f3c2fb1f7a	Server started
2024-11-08 10:26:27	8d32f8b1-8410-48fd-b48e-aee851e958b8	Server started
2024-11-08 10:28:19	49f0a928-c910-449b-af92-339cc823aa93	Server started
2024-11-08 10:28:42	69ac478c-2250-43c8-b123-c8027e241306	Server started
2024-11-08 10:28:46	cd86f858-5f3e-40f5-9b21-bba76948bedc	Server started
2024-11-08 10:29:19	3045797e-68b5-4085-b31d-ef96002375f6	Server started
2024-11-08 10:29:28	bf3c8f56-49bf-427b-92f7-f1f674f63f75	Server started
2024-11-08 10:29:34	33381102-7c2b-47dc-ac2f-49c6c1b8e55e	Server started
2024-11-08 10:30:36	0ed12b93-88bf-4518-9399-3a80a4a92451	Server started
2024-11-08 10:38:36	e7ade9ee-c0e0-4355-9238-0e10940d526d	Server started
2024-11-08 10:45:56	60f856ce-b25b-4eee-84b5-911923d67ace	Server started
2024-11-08 10:45:58	e0bbc1fa-8ecf-48f0-a952-4112edbf974a	Server started
2024-11-08 10:47:33	fac97b0d-9669-4988-b428-ab97d22f733f	Server started
2024-11-08 10:50:39	4d40007f-e013-45d1-a5ee-2ae3e9279400	Server started
2024-11-08 10:52:10	dc0424d1-7553-4f58-bafc-9eccabf38cc8	Server started
2024-11-08 10:52:25	b2b0117b-1211-4918-a738-2d2973ef40d9	Server started
2024-11-08 11:05:19	858beed6-2a60-47e8-ab1f-caf292187e12	Server started
2024-11-08 11:09:55	c3a18edd-769f-4faa-88dc-ac95b0f3aa25	Server started
2024-11-08 11:12:19	78ced5fb-9585-494e-9c81-756938cd7a42	Server started
2024-11-08 11:14:20	dad4df7d-19e5-4a65-bb6f-ebe49d1c77b6	Server started
2024-11-08 11:21:15	2029d935-6eb2-4db0-b9e5-2f6a72877993	Server started
2024-11-09 21:38:04	92e04a49-7fce-4ba8-93e8-1cbf951554b0	Server started
2024-11-09 21:39:15	35ec262d-7acd-42c8-bc77-bf5acbe59a6d	Server started
2024-11-09 21:41:45	d3582745-c22c-4e9e-bfde-807dacce9f03	Server started
2024-11-09 21:45:26	59d30e03-a392-4083-a6f3-de9ffc6b2f92	Server started
2024-11-09 21:47:43	31cfe181-0fd5-4b87-b59a-cf7b47c533ef	Server started
2024-11-09 21:48:33	55748cad-8ed0-4a88-b685-8af2fe4d1ece	Server started
2024-11-09 21:51:03	087c1186-2f2b-4a47-8198-fb317cfa268e	Server started
2024-11-10 18:11:57	b8374c14-d394-40fc-a22c-e0fab048fc4d	Server started
2024-11-10 18:16:38	97fd7290-25b4-41f2-ab0d-2c0bddf065c8	Server started
2024-11-10 18:17:02	58824175-91c7-4c83-a2a3-dff32bab29ee	Server started
2024-11-10 18:17:20	3d6bd697-d22c-40c2-8a1a-5f2ea8f72905	Server started
2024-11-10 18:17:22	9a6e1c74-6b46-4c9a-a9a4-df7fa0f90118	Server started
2024-11-10 18:18:32	838cd524-8fe4-460a-9cf3-27cc28eee161	Server started
2024-11-10 18:19:19	f5fc290e-99e3-499a-bbc6-3345eafa7ae5	Server started
2024-11-10 18:19:29	54b1b185-6ca5-4529-a2a0-98605c9ccbae	Server started
2024-11-10 18:19:47	706b39ee-6e05-4b20-a62f-fc22281a2a52	Server started
2024-11-10 18:20:42	74971e11-4272-4a3d-84b9-b6c710fd5816	Server started
2024-11-10 18:20:58	71337778-c858-4126-b706-e2401ff7bb0e	Server started
2024-11-10 18:25:56	60f3b4f2-2249-4de2-8985-c6123d50ea97	Server started
2024-11-10 18:25:59	bfbfdd18-27ca-41f8-8d69-0ce498ba6466	Server started
2024-11-10 18:26:33	1d9d3de0-48e8-406d-b527-f48d8efb53a9	Server started
2024-11-10 18:26:55	a0e496ed-d7fe-4a1f-bacb-459aa34aa647	Server started
2024-11-10 18:27:13	4d61d2db-d162-4605-af9d-7b2a20e211a0	Server started
2024-11-10 18:27:26	866cbfb6-37de-40d3-932c-0278a3817248	Server started
2024-11-10 21:28:49	b85374e5-8d4a-434c-aba5-610adcabfdc0	Server started
2024-11-10 21:29:07	234e1a0e-102b-459c-afd7-8ef949a009f3	Server started
2024-11-10 21:34:23	71a2fdb4-b2cc-4ef8-8cdf-90c098d8f54e	Server started
2024-11-10 21:34:37	540acac3-1ff7-4a4b-9b73-d486529f5dd6	Server started
2024-11-10 21:48:01	0b472854-4d84-46f5-9400-e8812cbf1da6	Server started
2024-11-10 21:49:03	6edec25c-5725-4a6f-bff3-d811916a0d6e	Server started
2024-11-10 21:49:51	56127324-3f3d-4f52-a54b-6df60a89c827	Server started
2024-11-10 21:50:57	5d4a0395-a08f-428b-b088-26b2d868bee0	Server started
2024-11-10 21:51:10	3fc7cc7a-0a04-4e6b-973a-6d2c8fb84754	Server started
2024-11-10 21:51:44	16c5ee8d-aee5-44fe-b386-af2b800d1373	Server started
2024-11-10 21:52:57	92bc192d-6b5b-4bfa-8c1a-2f4f534dd9a8	Server started
2024-11-10 21:53:33	14be20e9-b593-400f-9ce0-0ff0c5c3a148	Server started
2024-11-10 21:54:30	71292107-778a-4ca9-ba85-b7e7ca75254a	Server started
2024-11-10 21:55:37	f70830b6-70d3-4414-a281-8f4c64f5cf9f	Server started
2024-11-11 21:29:30	55bca271-ad78-4c84-841e-7436ad5d4560	Server started
2024-11-11 21:29:57	9e319406-c5bb-4d4e-abfe-5a2fd70833c8	Server started
2024-11-11 22:33:50	a4c7b05c-f642-41b6-ab39-7c53faef8de4	Server started
2024-11-12 10:21:51	2e65863e-bb72-487e-b378-82d850564ade	Server started
2024-11-12 10:22:11	48ca6efb-cdc6-4cf4-839a-d1b9f8e64862	Server started
2024-11-12 10:24:20	bbb4303e-9d64-4968-b5ac-6337d374696c	Server started
2024-11-12 10:27:28	e86040f0-fe28-4065-8b74-3c025c1887e0	Server started
2024-11-12 10:28:34	1e2410c5-e95e-4b4d-a8a8-2e5eb27fae9c	Server started
2024-11-12 10:28:46	4c99cf5e-99d6-4807-8643-86ce72692f4a	Server started
2024-11-12 10:28:59	76ff3828-edcd-41c1-92ba-7457cf7ed260	Server started
2024-11-12 10:30:13	7eb89065-fff7-47e6-ae7c-a5e8ed604d7b	Server started
2024-11-12 10:30:23	aa9b991f-8714-4ad6-a96b-7cabe5116597	Server started
2024-11-12 10:30:34	93e01f2d-949a-4f86-b5d2-738f9d8ac24d	Server started
2024-11-12 10:30:42	d801fd54-e240-47d5-a8cc-af5af83f4e56	Server started
2024-11-12 10:31:16	68eef490-84ab-490f-aaea-a79b8d6f6e82	Server started
2024-11-12 10:33:18	9a33e96e-63b7-461a-b545-2cd6b1b044c2	Server started
2024-11-12 10:34:49	deb6d7be-66c5-4545-b7e5-ef105a9fbf54	Server started
2024-11-12 10:36:43	680b6b6c-a1bf-42c2-942e-51cea0808a85	Server started
2024-11-12 10:37:19	05bc2e77-dad6-41da-adad-22bbeb53a1df	Server started
2024-11-12 10:37:39	15558d5c-07fa-442b-ba07-daccd4e3b541	Server started
2024-11-12 10:37:47	64fb74ac-2e73-429c-8d7d-3e479a7c436d	Server started
2024-11-12 10:37:49	7ec7db47-883b-47db-af37-a71930d5d46c	Server started
2024-11-12 10:38:08	8608ec69-97fa-4cae-a307-659767a0d82b	Server started
2024-11-12 10:38:17	b3537f88-fdf0-42ba-8efc-ea548f18e229	Server started
2024-11-12 10:39:00	8f2e2dea-d51d-459d-b0d6-d82bef4d57a0	Server started
2024-11-12 10:39:46	1736a82b-5a64-4557-924f-ade54fb19fbb	Server started
2024-11-12 10:40:48	dce1ce72-6a09-43de-a594-8a5760a8a82e	Server started
2024-11-12 10:40:55	f110c6d6-6265-415e-b53c-e9e2a5b718ba	Server started
2024-11-12 10:40:59	cdf20494-e861-4eab-9ac3-c50f27fef7e5	Server started
2024-11-12 10:42:44	3934982f-d2a9-4ab3-80f4-ff8926fe886f	Server started
2024-11-12 10:42:46	b7b56d1d-9ca8-47df-a672-d7bcc9b1c1d0	Server started
2024-11-12 10:44:06	61b8eac3-3017-48ac-af4b-5ed98575d10e	Server started
2024-11-12 10:44:31	4a9a48bc-92ff-4615-8353-b7508c88c02c	Server started
2024-11-12 10:45:23	4d71dad1-a53d-4613-878a-1b7208af95c8	Server started
2024-11-12 10:46:42	74aad67e-bc71-44d7-a966-2b06868388aa	Server started
2024-11-12 10:46:59	238cdd7f-f324-4889-8b8b-4b0ecf06467c	Server started
2024-11-12 10:47:08	6e958be9-43e1-4914-b9f2-ea41fa2c596e	Server started
2024-11-12 10:47:23	4997457e-f0c1-44ff-a79d-4ace8345348d	Server started
2024-11-12 10:47:35	457f922b-a4d9-4ab4-a9fd-915da177d39e	Server started
2024-11-12 10:47:58	bbec9c36-de63-4fb1-a182-50ccaa13bddd	Server started
2024-11-12 10:48:34	5799d4fa-0fd6-4185-aa30-032c68b7ba1c	Server started
2024-11-12 10:49:10	ec26823b-2648-4296-9aa4-734cba423d22	Server started
2024-11-12 10:49:36	27501928-6930-4b27-87ce-e97556ee7b35	Server started
2024-11-12 10:49:44	db508496-8b43-4991-8d8f-ea760a07d837	Server started
2024-11-12 10:51:10	4d7366e5-0582-479e-bc18-77ac68dc27e9	Server started
2024-11-12 10:52:16	f8f71344-59a0-4d16-b83a-7393c92e1560	Server started
2024-11-12 11:00:39	24179fd4-da5f-491f-952f-3e4236ecc3c2	Server started
2024-11-12 11:01:05	bd462ba2-faa7-4731-98aa-c12964b0f745	Server started
2024-11-12 11:02:46	6a427c3a-4985-4252-94ae-d1f640f01daf	Server started
2024-11-12 11:04:05	82497bda-c905-4c56-a59d-d91f8417c6d8	Server started
2024-11-12 11:04:47	24017e03-c253-47c3-bea9-018b542e1257	Server started
2024-11-12 11:04:55	699b87d3-545b-4b97-80b1-e4dc420c414d	Server started
2024-11-12 11:05:25	8ad856ed-f163-411f-a4cd-429ea3a04380	Server started
2024-11-12 11:05:38	8dee3ea3-ed5c-4505-b907-63f6e14eb319	Server started
2024-11-12 11:05:51	a94a8059-81ae-4146-ba91-ba6a000c5d7a	Server started
2024-11-12 11:06:12	f2b130e1-9a04-45cf-8c5d-721fc47214ad	Server started
2024-11-12 11:07:21	5252b75a-7a4c-4462-a0fc-11f60c590d84	Server started
2024-11-12 13:37:05	34d30a35-c51d-48f0-affe-395c57002b38	Server started
2024-11-12 13:49:06	961a75a5-e4cc-4950-9860-940d77f70749	Server started
2024-11-12 13:49:10	ee254d6d-889a-49c2-a27f-0d432e39877b	Server started
2024-11-12 13:49:13	41d3a0a9-c60e-4ba7-982d-38332d3d2f2f	Server started
2024-11-12 13:49:18	6be0de28-93a6-4400-bd6f-770adc671706	Server started
2024-11-12 13:49:22	0a8f34dc-bfb9-4355-ad3d-a693994d33a6	Server started
2024-11-12 13:49:41	83a76a14-bb8b-4e69-ac43-00e4eed801b4	Server started
2024-11-12 13:50:11	cad9f7e2-a738-4e75-9361-f0bff280f0b2	Server started
2024-11-12 13:50:22	72f2d9f6-f600-41a0-b404-324b1e7c1761	Server started
2024-11-12 13:50:24	d65db78a-adc6-460a-b075-c5d0eaf09a92	Server started
2024-11-12 13:50:25	ed382446-3599-4e0c-b8fe-16791130340a	Server started
2024-11-12 13:50:31	6b72ea77-3cd6-4f38-ab8d-b25310b9c765	Server started
2024-11-12 13:51:48	c603a8e5-fdd6-4d58-91f2-e8e11fd88871	Server started
2024-11-12 13:51:48	e6eaa1b8-3445-4d1d-95bd-2e65e0874eb3	Server started
2024-11-12 13:51:50	67c4db61-0aa0-4c4e-baac-5933400f6d12	Server started
2024-11-12 13:51:59	11ea6d8c-06c5-438a-906c-3a2e8c167f30	Server started
2024-11-12 13:52:00	2a13e69c-c5fa-4280-9444-91ff3446e12f	Server started
2024-11-12 13:52:03	d4f9f6f4-0233-4b9d-a751-ce5e1281740c	Server started
2024-11-12 13:52:12	15c6266f-c3b6-4c35-a30e-6da54e36700e	Server started
2024-11-12 13:53:54	11fda22c-6311-4e06-8867-e5a6d996ecff	Server started
2024-11-12 13:53:58	d9a03a2a-d5af-47c8-bca3-cd79540304bc	Server started
2024-11-12 13:53:59	0510771f-765f-4159-97d7-76d466b1be12	Server started
2024-11-12 13:54:00	a0ed508e-ee02-46c5-a41e-48c7822502db	Server started
2024-11-12 13:54:01	c082dd34-1641-49e1-ae1d-a2edbe9bf134	Server started
2024-11-12 13:54:04	8d3dde75-d467-4dd4-8383-d583c3a50fef	Server started
2024-11-12 13:54:06	aa109195-4e3e-4eba-9fe4-31b5c50b7ca0	Server started
2024-11-12 13:54:08	f7c05776-80a8-4c45-8325-547e5e5309fc	Server started
2024-11-12 13:54:12	f2bfca40-f4f6-4860-88d2-936c8c5b395b	Server started
2024-11-12 14:01:12	403070bb-b4f7-41c4-b06f-1bb713cf47f8	Server started
2024-11-12 14:01:52	2312bbf7-f219-4343-8456-bb2e65936663	Server started
2024-11-12 14:01:55	ef023d16-b227-428c-9ddc-eef3298b4983	Server started
2024-11-12 14:01:56	820b0218-fbc3-4e75-939e-13252c37cb69	Server started
2024-11-12 14:01:57	4ecaaf36-0bd3-4591-90d1-2a70bed3a5b8	Server started
2024-11-12 14:01:58	a1f429a6-ac92-4b31-8505-9c2cd09cc2d0	Server started
2024-11-12 14:01:58	8af2365c-d040-4d38-bafe-28fe17def7e4	Server started
2024-11-12 14:01:58	4295cc32-0878-4883-ad13-1c89ddd5392a	Server started
2024-11-12 14:01:59	38e66474-500c-4906-8bb8-c6762ca77123	Server started
2024-11-12 14:02:00	2367bcde-a4db-41d8-9cd0-193e58072750	Server started
2024-11-12 14:02:02	ccdba76a-be1f-4abe-908a-4af3cd12d0fc	Server started
2024-11-12 14:02:03	ab4e6161-15ed-4f54-aec9-562e2bd020f7	Server started
2024-11-12 14:02:09	f754b3f7-6bd8-4acd-93ee-a2f0b31312ee	Server started
2024-11-12 14:02:10	fa5ada23-9006-4739-9cd2-46886cdc08c7	Server started
2024-11-12 14:02:14	208934e2-523b-4565-a5be-05eb71d1bfbd	Server started
2024-11-12 14:02:18	c97d76be-1d12-4807-a79f-4da443f39009	Server started
2024-11-12 14:02:19	49f0b9e7-9fd1-4344-b0fc-f31eb0248129	Server started
2024-11-12 14:02:24	872a3261-056e-4a0b-b352-cd9fc561fab9	Server started
2024-11-12 14:02:26	582db01c-a978-48fc-880f-351dbaab3ff5	Server started
2024-11-12 14:02:29	54cf8d9d-7850-4c3c-864b-bb39c9ff0e78	Server started
2024-11-12 14:02:30	221e6731-d618-4e94-9ba4-427ed4792b9d	Server started
2024-11-12 14:02:31	e962f409-42cb-46cb-8108-345fec85ba17	Server started
2024-11-12 14:02:32	e6bed30b-e81d-4a1c-817e-85f917b57494	Server started
2024-11-12 14:02:33	99b25a04-6ad1-475c-8378-e89fd33adf05	Server started
2024-11-12 14:02:37	e772ecab-c5bb-48c7-b059-cfb66f2d199b	Server started
2024-11-12 14:02:39	10aa57d7-6d63-4f46-8665-77a2b2408084	Server started
2024-11-12 14:02:40	68c036c7-29ef-42eb-bfe3-3788f0d82cff	Server started
2024-11-12 14:02:41	c88451ab-a145-4802-a957-f1cc2251a0a2	Server started
2024-11-12 14:02:51	73a1326f-8b97-4243-9be1-0abb679a9a49	Server started
2024-11-12 14:02:51	41605bd3-1825-4951-8bb1-a99c6a3f4d82	Server started
2024-11-12 14:02:52	12fca13a-ae05-4e24-947b-909a5d9f96aa	Server started
2024-11-12 14:02:56	4325238f-d546-430b-86d0-fc8b3c65f21b	Server started
2024-11-12 14:02:56	9753bb7b-d3b1-4d3b-a10f-1eb890ffc093	Server started
2024-11-12 14:02:57	4c1de9d5-3494-4024-9e8c-2763c4dafb56	Server started
2024-11-12 14:02:57	85cd823c-9403-4d41-9dab-946533ce13a2	Server started
2024-11-12 14:02:58	96eae860-f2ce-4b8c-ac2e-086cd234a4fd	Server started
2024-11-12 14:02:59	6f63387b-2e2d-44ec-95d0-617bcd42f0e5	Server started
2024-11-12 14:02:59	1d1db12f-9996-4b23-9a01-3a701f4a3608	Server started
2024-11-12 14:03:00	fbdd01c9-ba0c-4483-badd-d546c176c91e	Server started
2024-11-12 14:03:00	15281164-9651-4da1-9238-81823ea18e0a	Server started
2024-11-12 14:03:01	96718929-3294-42db-94c9-0589f288070c	Server started
2024-11-12 14:03:01	7734d8cb-cadd-4a8c-9835-87e424fe8005	Server started
2024-11-12 14:03:02	55eb72ea-65e2-43f4-bb8c-de2f1d52d272	Server started
2024-11-12 14:03:03	cc66c7ee-37d6-4282-bb2d-bc4a9d260dd6	Server started
2024-11-12 14:03:09	49f7494b-ab53-40f4-9025-f139db124591	Server started
2024-11-12 14:03:10	4824d921-80f8-4c2a-a529-369b8a6e3f73	Server started
2024-11-12 14:03:42	098359aa-8b56-46db-801e-739640fa56f9	Server started
2024-11-12 14:03:43	164169d7-b65f-4fc3-a1a5-6bf4ec590457	Server started
2024-11-12 14:05:02	6cf13f2a-fbf1-44f4-a0dc-1d8d7919b619	Server started
2024-11-12 14:05:15	21805c8f-10c1-4741-9f01-d5dbd7b0043f	Server started
2024-11-12 14:05:52	b74c18c6-9eb1-4eeb-89c2-51fa7fa229cd	Server started
2024-11-12 14:06:45	3643cc6c-0962-43de-a8ff-2ff72986c0f0	Server started
2024-11-12 14:07:13	e195b12e-d703-45d8-86d1-151d5e2897f6	Server started
2024-11-12 14:11:45	20972632-0a94-48cf-b0f5-d0a3857b20d7	Server started
2024-11-12 14:13:42	8d7ce73f-e856-42aa-ad2b-413de8601d86	Server started
2024-11-12 14:17:29	aedd98b1-337f-4a42-adee-39c748ed4a1e	Server started
2024-11-12 14:17:50	cd48e774-105c-41c4-955d-90c926237026	Server started
2024-11-12 14:18:09	4f220305-f981-4743-924d-86fb14e166b4	Server started
2024-11-12 14:18:14	761adb16-948b-4ab9-836d-5932e2776d8f	Server started
2024-11-12 14:19:32	eb7e62b1-aa93-42dc-b734-eb1f64a97089	Server started
2024-11-12 14:19:46	2362c2c0-7a78-4771-b395-fdf217ae64f9	Server started
2024-11-12 14:20:20	94633853-7337-4533-a14c-445c607f217b	Server started
2024-11-12 14:20:31	2dbc8216-3881-4a54-96f0-bcb3c780c885	Server started
2024-11-12 14:20:54	44ff551e-f30c-4b04-9437-b0cd32e2e1ad	Server started
2024-11-12 14:36:03	7e857c9e-6816-4286-9f74-b6d998d414ec	Server started
2024-11-12 14:53:21	e0f015ed-0f81-4abc-a854-8111d601a17e	Server started
2024-11-12 14:53:30	675f7e5a-c1f0-4865-932f-8c85ab04f23f	Server started
2024-11-12 14:53:49	f4f12340-5487-49e2-80b6-f4aea84a9ca1	Server started
2024-11-12 14:54:05	56884ec2-1632-433e-85c0-25e3b39c113b	Server started
2024-11-12 14:54:31	96554d2c-3ebd-41f0-b525-d134533f864a	Server started
2024-11-12 14:54:56	2559886a-5894-48d5-96a5-bd050646083b	Server started
2024-11-12 14:55:19	5bfab4da-9693-4c1a-b4ae-747ef8a43465	Server started
2024-11-12 14:55:48	142dc548-1afd-484b-97e8-7448fe425c34	Server started
2024-11-12 14:56:01	9bfb2214-8e86-4f14-aa61-1a1d5395b47e	Server started
2024-11-12 14:56:04	6f7ff877-ad3d-4b89-a726-e82274ec72dd	Server started
2024-11-12 14:56:07	e69241d3-6c33-4dc0-bb5d-263e40852f3a	Server started
2024-11-12 14:56:10	8aeb327a-aafd-4d9c-89b2-b697634eae76	Server started
2024-11-12 14:56:44	b44c6c91-ed28-4ae2-8ed8-81eeb25fa68f	Server started
2024-11-12 14:56:50	8c01b627-f4e3-46c8-b264-862110d47aff	Server started
2024-11-12 14:57:29	5a308783-9517-4473-9cb0-d5e17b698d80	Server started
2024-11-12 14:59:16	f9a590ba-f6b3-43a0-b681-fa2eb3943165	Server started
2024-11-12 14:59:19	ec92c282-991d-4516-8756-f58ac418fb4d	Server started
2024-11-12 15:00:22	339f9461-c4b9-4319-aa33-eb08b3ad0ab0	Server started
2024-11-12 15:01:03	045fec32-d197-47c0-8464-5f9b346a7260	Server started
2024-11-12 19:51:04	baaf1c48-fe18-43d8-8aa4-b9536921e41a	Server started
2024-11-12 19:51:08	396f874d-a20c-4fdb-844e-b1bc7482edbc	Server started
2024-11-12 19:51:54	d62d4560-5504-4ae0-a89b-f150248dd23b	Server started
2024-11-12 20:03:13	21a3d166-b4db-48ae-b7f9-ddbc53d67940	Server started
2024-11-12 20:04:09	e212d5dd-b8fa-4419-9ce8-2f12df97e668	Server started
2024-11-12 20:06:36	9331024a-690c-44c4-b428-317ffc9cdf1f	Server started
2024-11-12 20:06:44	a177367b-dd51-42b7-aae3-440f0e5ea543	Server started
2024-11-12 20:07:06	3279bcd0-bad1-4da0-9e35-d2fc715a4b89	Server started
2024-11-12 20:07:48	1bb85ec7-770f-4647-8e11-284e2219deaf	Server started
2024-11-12 20:08:23	12161da9-c6cc-45b6-a08b-46f4b7a43922	Server started
2024-11-12 20:08:32	128fae9e-a4d0-4989-ad33-1f30efce7d7b	Server started
2024-11-12 20:09:16	d0db2af5-28a3-4192-8cd3-ecff70ec5edb	Server started
2024-11-12 20:09:47	dacdef6d-56e2-4464-befb-f0c38bba0afb	Server started
2024-11-12 20:09:53	4d7dafcf-6619-476f-9daa-37ccdd44599a	Server started
2024-11-12 20:10:11	e1d135d1-9d61-4ed7-ab3b-86c901a41cf5	Server started
2024-11-12 20:11:10	498daf07-c414-4c48-bec8-fd6fb757c08f	Server started
2024-11-12 20:11:20	da0e7243-320f-4836-8315-f78cf6c0c9f4	Server started
2024-11-12 20:11:29	128a0e85-4f8e-4607-924a-92c49b8e62b4	Server started
2024-11-12 20:11:47	8c78c6b4-91c3-4683-8e5a-d239f916ec57	Server started
2024-11-12 20:12:14	5aa0a05e-973a-443a-ba19-3a17de9aca7f	Server started
2024-11-12 20:13:33	1c5e1996-8b13-4a5f-92df-47e75b14b5ac	Server started
2024-11-12 20:21:08	54c5b127-085e-426a-a933-86f2fb416603	Server started
2024-11-12 20:22:38	56d8a4f6-6186-4f3b-8faf-d53b7b181d06	Server started
2024-11-12 20:23:04	680cceb5-c0a3-49f2-bce6-c92c7a852a07	Server started
2024-11-12 20:24:09	e98818db-35bb-4239-84f0-73266d149667	Server started
2024-11-12 20:26:07	c4b10f49-c040-40e1-b92a-c4da76f27814	Server started
2024-11-12 20:27:09	99066433-4f48-4c2b-814a-567abd25acef	Server started
2024-11-12 20:30:15	3e367933-c1d6-4806-8186-86ec8ff52a6f	Server started
2024-11-12 20:34:49	21d829a5-1d26-4d8d-83a6-44c9717d9d75	Server started
2024-11-12 20:40:32	4695d21e-f394-4e5e-a7c4-4cb837ce428c	Server started
2024-11-12 20:40:42	f6a651de-1261-4b49-8e67-1c0309f46b0a	Server started
2024-11-12 20:43:53	44ef79a7-1978-4286-bc92-38f6f7026e4a	Server started
2024-11-12 20:44:00	6ee336e4-5a28-4b27-a341-13506a767b72	Server started
2024-11-12 20:44:23	6040b383-0812-40c3-84df-366a9a3fb16c	Server started
2024-11-12 20:44:33	496f46ab-471c-4846-bed4-ebe21c116d0d	Server started
2024-11-12 20:44:58	2c98585f-33a9-4c5c-a1f0-3fbb3a36786f	Server started
2024-11-12 20:44:58	f62f565c-5241-467e-b238-5a6154f9b85b	Server started
2024-11-12 20:44:59	f65ab094-a61f-4ed4-9ef7-2180c351af84	Server started
2024-11-12 20:44:59	7249302a-fe9b-4c2d-989d-ffb08430b9bf	Server started
2024-11-13 13:49:03	ec314722-05d6-49cd-af13-626ffae7fb13	Server started
2024-11-13 13:49:36	303dd847-a6c1-4fe1-986a-6179a44b4ff3	Server started
2024-11-13 13:49:44	d26bf103-d55d-483a-b002-ee558ea3a0d3	Server started
2024-11-13 13:52:02	12869a60-ed25-4a2d-b81c-d79f12a9d0e2	Server started
2024-11-13 13:52:08	bdc44d84-7ab4-4fbf-a7d4-e2f0dd81a670	Server started
2024-11-13 13:54:54	a3868308-445f-45b4-94db-a6cf615e9e4a	Server started
2024-11-13 14:01:47	93d9377c-cbb4-4d2a-a83b-7b421e22cf90	Server started
2024-11-13 14:19:39	9d15c6cf-24ba-4d25-b2cc-6b112958af34	Server started
2024-11-13 14:19:44	58cb8d3a-18c6-489d-be6b-1b85711164cf	Server started
2024-11-13 14:20:35	98498ca9-3a16-4f9d-805d-84e060517db8	Server started
2024-11-13 14:21:07	cb7fe39f-17c7-4f0f-bdae-3e81588abc5f	Server started
2024-11-13 14:21:56	d5b303b8-df4c-42f4-8e2d-007daf1a8968	Server started
2024-11-13 14:22:06	50dea5c6-84c5-457d-86fa-f75d869256a2	Server started
2024-11-13 14:30:26	d98173e9-c6bf-4868-9127-732f048f1005	Server started
2024-11-13 14:32:15	78b451b8-79b9-4dd9-a19b-4bf6db00f44e	Server started
2024-11-13 14:32:29	d137a267-4f96-437e-8f1a-f22ab978de55	Server started
2024-11-13 14:33:36	1a51e256-8987-4a3e-8512-ad0ab7e3a32d	Server started
2024-11-13 14:35:06	14184935-bf81-40b4-9a93-3c9e03aed885	Server started
2024-11-13 14:37:32	941bd11b-d656-4f78-82da-721ec5cdbd56	Server started
2024-11-13 14:39:43	64ff21ef-1a3f-4d15-bcc5-0b4da358d676	Server started
2024-11-13 14:40:56	95eb7e89-cecd-40b1-8ce1-49adf8ae04ab	Server started
2024-11-13 14:42:45	c1fd23e5-3d58-444f-a92b-19f7b2b5281d	Server started
2024-11-13 15:58:23	7bf0d015-6b09-4d5d-baf9-79a96cef1953	Server started
2024-11-13 15:59:14	089797b4-1da1-4bfb-874d-5a0c681e3067	Server started
2024-11-13 16:01:46	8bb9abc9-a547-495e-bcac-c8468f35489f	Server started
2024-11-13 16:02:18	8a86d24f-c001-4017-8d03-5961a244f22d	Server started
2024-11-13 16:04:00	77492523-b598-4cc2-bb54-b19ae535f677	Server started
2024-11-13 16:05:29	04ca8b75-c10f-4345-9d1d-0fd9323edfdb	Server started
2024-11-13 16:05:52	68bb3d1b-784b-403c-b05e-bb6ef136e9a4	Server started
2024-11-13 16:07:57	828e6e83-9b0b-4dc3-83ec-8e946f9b5aa3	Server started
2024-11-13 16:08:53	f415eb42-d5c2-4c6a-adef-959fbd2d80aa	Server started
2024-11-13 16:09:31	6bd1ba63-4bbd-47d2-a515-4a4f9d0d2a5d	Server started
2024-11-13 16:11:12	feac7e58-ae2e-435a-a3cf-41ec80442e3c	Server started
2024-11-13 16:18:50	f885bfa6-c0f1-464c-b805-4b3f851cf085	Server started
2024-11-13 16:19:09	72d8ce97-5759-45d9-8195-d5907188a489	Server started
2024-11-13 16:19:19	9d9ed699-f844-4c8f-88f7-8e7584adaf5e	Server started
2024-11-13 16:19:51	3107f720-018c-4b99-bfe5-13179c542523	Server started
2024-11-13 16:20:33	28228e4e-992f-4e48-880c-1452a452ea65	Server started
2024-11-13 16:20:52	88e91ddd-d1b4-4a42-b5ff-b8c1a78261ec	Server started
2024-11-13 16:21:10	8e658b56-cbc6-4573-a0d3-52a99f4edb8f	Server started
2024-11-13 16:24:48	6cde8b46-1fd9-4839-be46-21882eb4b2a0	Server started
2024-11-13 16:26:25	2f0dcfeb-4a08-4587-98fb-4c3bd748149d	Server started
2024-11-14 13:49:30	32de04a4-b087-404d-b759-ae8f207eda6b	Server started
2024-11-14 15:20:35	4798b179-f3d0-4c32-a08b-ef60ea48a1e8	Server started
2024-11-14 15:27:19	a56df4da-1e1f-4944-b223-5f5f41060b8d	Server started
2024-11-14 15:29:40	e43946a0-f211-4259-9d08-94e7ef82e6bd	Server started
2024-11-14 15:31:18	a4c28197-ed0a-4949-8e6c-0eca5d805d08	Server started
2024-11-14 16:08:59	d9594f1e-3fe0-4777-9ad7-888234f1ff1c	Server started
2024-11-14 16:11:03	827b7be3-6525-47f2-91e7-774060661abd	Server started
2024-11-14 16:13:14	29856678-184f-4406-a193-ef445f42a796	Server started
2024-11-14 16:13:19	8f806a1f-ef95-4ca0-adcf-cd5859447f95	Server started
2024-11-14 16:23:26	45dea382-20b2-4879-907f-d0aa210e0344	Server started
2024-11-14 16:23:52	2f14cbd5-dbb2-48b6-8eb1-6f6ffab9d2e0	Server started
2024-11-14 16:24:08	8bb130c1-b137-4949-9423-3c5c59a2dd46	Server started
2024-11-14 16:24:26	860adb18-7f8d-4048-a4a2-d94907c95b11	Server started
2024-11-14 16:24:31	e0577bf4-6091-4127-ab01-e22593e2bbe8	Server started
2024-11-14 16:27:38	7df59bd3-6968-44e7-9439-520a3f1d2192	Server started
2024-11-14 16:28:31	04229409-28ae-4884-a600-7c9cd529c66c	Server started
2024-11-14 16:29:24	1ac60b78-e24e-42b6-8f07-fc2a90d4540a	Server started
2024-11-14 16:30:11	4b76b8ef-5d75-4aaf-9a56-ec00a46cf971	Server started
2024-11-14 16:31:09	6f5fc8fd-5dd3-40f8-983e-8c0528af86eb	Server started
2024-11-14 16:32:08	ac2b8c93-b45f-4432-9cd8-830ec2b0c3f0	Server started
2024-11-14 16:32:53	e551b7e6-5df8-478f-b185-21924371f00a	Server started
2024-11-14 16:33:05	e836bbba-26ba-45eb-a183-7489a230ce33	Server started
2024-11-14 16:34:00	a22a5754-2438-497e-a5b5-4d104e1a636e	Server started
2024-11-14 16:35:18	e1a7fab3-d68a-45da-bc69-95dff1c67a26	Server started
2024-11-14 16:36:13	8ca90c02-755e-4c35-87a9-5aecf648ea60	Server started
2024-11-14 16:36:19	2e6be803-6382-4271-83a3-5bf76cb91513	Server started
2024-11-14 16:36:42	5d66496e-9ec2-4b52-9c6e-81663a0741bf	Server started
2024-11-14 16:37:04	a546c754-a38f-4934-af20-cdc05e39e04f	Server started
2024-11-14 16:37:19	cf1dc60f-4500-41b9-b680-50ba1fb6cc3d	Server started
2024-11-14 16:37:28	2a3fb9aa-c972-4be0-8c47-de6e1a4199d4	Server started
2024-11-14 16:38:13	3cfaaabf-47ab-458c-95de-9da79bfee29f	Server started
2024-11-14 16:39:11	c37eb0a7-dd05-43da-83b8-972b03daa4b0	Server started
2024-11-14 16:41:31	a0324fe6-81b6-4dc7-a469-26a9b54caded	Server started
2024-11-14 18:35:59	eafa18f1-5d5e-4736-883e-f618d7a18cea	Server started
2024-11-14 18:36:44	3ec978a8-8ac3-4383-a28d-467a4e17f66a	Server started
2024-11-14 19:31:02	2980ed4f-f593-4fdc-bbb0-411c0e3cdf73	Server started
2024-11-14 20:16:33	a5860ce1-8055-46dd-9708-93a16729b77c	Server started
2024-11-14 20:18:22	8ca4608a-3efa-47e6-821c-835f931e3719	Server started
2024-11-14 21:01:06	2c72d1f3-51ef-4ca7-a2e2-0b319b816ab7	Server started
2024-11-14 21:01:21	ccd41ed1-4d32-4390-9446-6c237ee27972	Server started
2024-11-14 21:01:30	86d40ef2-3e34-4d65-b390-72aed0d1eefd	Server started
2024-11-14 21:09:46	bd80c99f-cc8c-44c4-af69-a8b8f816b547	Server started
2024-11-14 21:09:59	8e715639-d4c2-444b-bd64-fd77f5e67b21	Server started
2024-11-14 21:10:00	cc5eb62b-d447-4195-82e5-c92368530dcc	Server started
2024-11-14 21:10:27	b03c62d4-6e18-4aa2-b4a2-c91151836501	Server started
2024-11-14 21:11:01	19b4701d-21c4-4404-be1f-31c3069f859b	Server started
2024-11-14 21:15:09	b4f98eb9-97a0-456f-bb1a-4bbef2467f8e	Server started
2024-11-14 21:15:42	0a901576-f946-4037-88a4-0c86a11c92a8	Server started
2024-11-14 21:16:04	e96026f1-9b25-4fd1-a314-6a0f240d3dad	Server started
2024-11-14 21:16:27	fd0d99bd-cafa-42a4-9f5d-63662a66e96b	Server started
2024-11-14 21:28:01	3ac08872-9a8c-46e8-93b1-4c9ebfe03778	Server started
2024-11-14 21:29:39	e22833fc-97b3-452e-894f-791566ea0c7d	Server started
2024-11-14 21:29:45	90304e79-bd5f-498e-9380-2376bb33d4b1	Server started
2024-11-14 21:29:58	26890c23-6628-4dba-80d8-b78155dd7700	Server started
2024-11-14 21:29:59	3081a55c-53b2-4325-9285-a39592ea1d39	Server started
2024-11-14 21:33:24	fc41b2c6-5a4b-4750-9745-3badbeb68ab6	Server started
2024-11-14 21:33:43	06bb4bfc-561a-4887-9b41-e9ea81501890	Server started
2024-11-14 21:33:58	3f08eaa8-cb90-4a95-9b57-e1ae81db715d	Server started
2024-11-14 21:34:39	c3d5c61e-506b-4090-9bd8-1899f500b566	Server started
2024-11-14 21:40:05	284162ab-181f-446e-9f39-743112001c04	Server started
2024-11-14 21:43:03	44678574-446f-401c-bdf8-b6c4512146df	Server started
2024-11-14 21:43:56	255d0815-0e2d-417a-afb0-dc84434ee6a8	Server started
2024-11-14 21:44:22	f7e0065b-e697-4679-a7ca-efd858a5fbf5	Server started
2024-11-14 21:45:45	0bd5c5ed-6459-4227-ba69-6b336a3ccaa0	Server started
2024-11-14 21:48:15	a6932d3d-1c3e-4f16-92ad-eca96089ddce	Server started
2024-11-14 21:48:25	a56d024c-ef42-4608-b247-a3ff003769a7	Server started
2024-11-14 21:48:35	2d76e4b5-8f8e-4a02-854b-55c1fbd7c3f4	Server started
2024-11-14 21:49:53	3cb23a9c-5470-4e7b-953c-fd37a9036483	Server started
2024-11-14 21:50:33	3b4fca3c-9f06-4787-bc53-401bf0a03773	Server started
2024-11-14 21:50:58	4e01bbc5-5bb3-41b2-9721-067da0ce09e1	Server started
2024-11-14 21:51:01	2fbd0706-d45e-4760-869c-2ebac38e1ac6	Server started
2024-11-14 21:53:01	89bc2873-49e3-4b86-9d6e-49baac6488d5	Server started
2024-11-14 21:57:17	dd38d3b5-c8f2-492f-90fc-b04a26865f17	Server started
2024-11-14 22:01:29	085a18a0-8bea-43e8-91a7-59d68d0ddcb1	Server started
2024-11-14 22:01:41	85453297-ac81-46d5-9a64-a76a5e6fb25e	Server started
2024-11-14 22:01:56	32d64a60-130e-4025-8873-39233dd28df6	Server started
2024-11-14 22:02:04	d7157535-8eff-4c58-9b84-17b8d59bc303	Server started
2024-11-14 22:03:35	0acbb904-9cbb-484c-ab75-c5b8f336a7e9	Server started
2024-11-14 22:06:20	9fa8e8a6-0ac9-4148-a506-237ce3c42722	Server started
2024-11-14 22:06:45	2a4c9759-1d50-4e7e-baed-2e1a6374270a	Server started
2024-11-14 22:10:13	595ccaf2-5da0-4f6a-947b-5bd37af5c554	Server started
2024-11-14 22:10:39	f973d3cd-7505-4af6-8a13-c1efb2626d94	Server started
2024-11-14 22:12:12	a4225f60-53df-4068-bc51-037b76725e47	Server started
2024-11-14 22:33:59	55ba86fb-c02a-4133-8061-b8adfd04e0a6	Server started
2024-11-14 22:34:32	aff4f206-4838-4cc6-9f38-7350cc9f135b	Server started
2024-11-14 22:35:28	fe8ba15f-796c-4a95-a71d-c840f5da0b4d	Server started
2024-11-14 22:35:53	112349ff-6edf-4a61-b43b-2b36b6262a6e	Server started
2024-11-14 22:37:39	f9c36726-1a25-4650-9756-bbe7cd4eed49	Server started
2024-11-14 22:38:57	357fb629-ea40-4a7a-951a-4fd827a976ee	Server started
